[2024-08-04T06:57:36.156+0000] {processor.py:161} INFO - Started process (PID=33) to work on /opt/airflow/dags/etl_pipeline.py
[2024-08-04T06:57:36.157+0000] {processor.py:830} INFO - Processing file /opt/airflow/dags/etl_pipeline.py for tasks to queue
[2024-08-04T06:57:36.159+0000] {logging_mixin.py:188} INFO - [2024-08-04T06:57:36.159+0000] {dagbag.py:545} INFO - Filling up the DagBag from /opt/airflow/dags/etl_pipeline.py
[2024-08-04T06:57:38.435+0000] {processor.py:840} INFO - DAG(s) 'etl_process' retrieved from /opt/airflow/dags/etl_pipeline.py
[2024-08-04T06:57:38.694+0000] {logging_mixin.py:188} INFO - [2024-08-04T06:57:38.693+0000] {override.py:1829} INFO - Created Permission View: can delete on DAG:etl_process
[2024-08-04T06:57:38.707+0000] {logging_mixin.py:188} INFO - [2024-08-04T06:57:38.706+0000] {override.py:1829} INFO - Created Permission View: can read on DAG:etl_process
[2024-08-04T06:57:38.716+0000] {logging_mixin.py:188} INFO - [2024-08-04T06:57:38.716+0000] {override.py:1829} INFO - Created Permission View: can edit on DAG:etl_process
[2024-08-04T06:57:38.717+0000] {logging_mixin.py:188} INFO - [2024-08-04T06:57:38.717+0000] {dag.py:3096} INFO - Sync 1 DAGs
[2024-08-04T06:57:38.728+0000] {logging_mixin.py:188} INFO - [2024-08-04T06:57:38.727+0000] {dag.py:3118} INFO - Creating ORM DAG for etl_process
[2024-08-04T06:57:38.740+0000] {logging_mixin.py:188} INFO - [2024-08-04T06:57:38.740+0000] {dag.py:3954} INFO - Setting next_dagrun for etl_process to 2024-08-03 00:00:00+00:00, run_after=2024-08-04 00:00:00+00:00
[2024-08-04T06:57:38.766+0000] {processor.py:183} INFO - Processing /opt/airflow/dags/etl_pipeline.py took 2.618 seconds
[2024-08-04T06:58:08.982+0000] {processor.py:161} INFO - Started process (PID=35) to work on /opt/airflow/dags/etl_pipeline.py
[2024-08-04T06:58:08.982+0000] {processor.py:830} INFO - Processing file /opt/airflow/dags/etl_pipeline.py for tasks to queue
[2024-08-04T06:58:08.984+0000] {logging_mixin.py:188} INFO - [2024-08-04T06:58:08.984+0000] {dagbag.py:545} INFO - Filling up the DagBag from /opt/airflow/dags/etl_pipeline.py
[2024-08-04T06:58:09.549+0000] {processor.py:840} INFO - DAG(s) 'etl_process' retrieved from /opt/airflow/dags/etl_pipeline.py
[2024-08-04T06:58:09.580+0000] {logging_mixin.py:188} INFO - [2024-08-04T06:58:09.579+0000] {dag.py:3096} INFO - Sync 1 DAGs
[2024-08-04T06:58:09.598+0000] {logging_mixin.py:188} INFO - [2024-08-04T06:58:09.598+0000] {dag.py:3954} INFO - Setting next_dagrun for etl_process to 2024-08-03 00:00:00+00:00, run_after=2024-08-04 00:00:00+00:00
[2024-08-04T06:58:09.620+0000] {processor.py:183} INFO - Processing /opt/airflow/dags/etl_pipeline.py took 0.644 seconds
[2024-08-04T06:58:39.832+0000] {processor.py:161} INFO - Started process (PID=37) to work on /opt/airflow/dags/etl_pipeline.py
[2024-08-04T06:58:39.833+0000] {processor.py:830} INFO - Processing file /opt/airflow/dags/etl_pipeline.py for tasks to queue
[2024-08-04T06:58:39.837+0000] {logging_mixin.py:188} INFO - [2024-08-04T06:58:39.837+0000] {dagbag.py:545} INFO - Filling up the DagBag from /opt/airflow/dags/etl_pipeline.py
[2024-08-04T06:58:40.401+0000] {processor.py:840} INFO - DAG(s) 'etl_process' retrieved from /opt/airflow/dags/etl_pipeline.py
[2024-08-04T06:58:40.431+0000] {logging_mixin.py:188} INFO - [2024-08-04T06:58:40.431+0000] {dag.py:3096} INFO - Sync 1 DAGs
[2024-08-04T06:58:40.451+0000] {logging_mixin.py:188} INFO - [2024-08-04T06:58:40.451+0000] {dag.py:3954} INFO - Setting next_dagrun for etl_process to 2024-08-03 00:00:00+00:00, run_after=2024-08-04 00:00:00+00:00
[2024-08-04T06:58:40.469+0000] {processor.py:183} INFO - Processing /opt/airflow/dags/etl_pipeline.py took 0.642 seconds
[2024-08-04T06:59:10.688+0000] {processor.py:161} INFO - Started process (PID=175) to work on /opt/airflow/dags/etl_pipeline.py
[2024-08-04T06:59:10.688+0000] {processor.py:830} INFO - Processing file /opt/airflow/dags/etl_pipeline.py for tasks to queue
[2024-08-04T06:59:10.690+0000] {logging_mixin.py:188} INFO - [2024-08-04T06:59:10.690+0000] {dagbag.py:545} INFO - Filling up the DagBag from /opt/airflow/dags/etl_pipeline.py
[2024-08-04T06:59:11.265+0000] {processor.py:840} INFO - DAG(s) 'etl_process' retrieved from /opt/airflow/dags/etl_pipeline.py
[2024-08-04T06:59:11.295+0000] {logging_mixin.py:188} INFO - [2024-08-04T06:59:11.294+0000] {dag.py:3096} INFO - Sync 1 DAGs
[2024-08-04T06:59:11.315+0000] {logging_mixin.py:188} INFO - [2024-08-04T06:59:11.315+0000] {dag.py:3954} INFO - Setting next_dagrun for etl_process to 2024-08-04 00:00:00+00:00, run_after=2024-08-05 00:00:00+00:00
[2024-08-04T06:59:11.338+0000] {processor.py:183} INFO - Processing /opt/airflow/dags/etl_pipeline.py took 0.656 seconds
[2024-08-04T06:59:41.540+0000] {processor.py:161} INFO - Started process (PID=231) to work on /opt/airflow/dags/etl_pipeline.py
[2024-08-04T06:59:41.541+0000] {processor.py:830} INFO - Processing file /opt/airflow/dags/etl_pipeline.py for tasks to queue
[2024-08-04T06:59:41.543+0000] {logging_mixin.py:188} INFO - [2024-08-04T06:59:41.543+0000] {dagbag.py:545} INFO - Filling up the DagBag from /opt/airflow/dags/etl_pipeline.py
[2024-08-04T06:59:42.208+0000] {processor.py:840} INFO - DAG(s) 'etl_process' retrieved from /opt/airflow/dags/etl_pipeline.py
[2024-08-04T06:59:42.240+0000] {logging_mixin.py:188} INFO - [2024-08-04T06:59:42.239+0000] {dag.py:3096} INFO - Sync 1 DAGs
[2024-08-04T06:59:42.264+0000] {logging_mixin.py:188} INFO - [2024-08-04T06:59:42.264+0000] {dag.py:3954} INFO - Setting next_dagrun for etl_process to 2024-08-04 00:00:00+00:00, run_after=2024-08-05 00:00:00+00:00
[2024-08-04T06:59:42.286+0000] {processor.py:183} INFO - Processing /opt/airflow/dags/etl_pipeline.py took 0.751 seconds
[2024-08-04T07:00:12.486+0000] {processor.py:161} INFO - Started process (PID=233) to work on /opt/airflow/dags/etl_pipeline.py
[2024-08-04T07:00:12.487+0000] {processor.py:830} INFO - Processing file /opt/airflow/dags/etl_pipeline.py for tasks to queue
[2024-08-04T07:00:12.489+0000] {logging_mixin.py:188} INFO - [2024-08-04T07:00:12.489+0000] {dagbag.py:545} INFO - Filling up the DagBag from /opt/airflow/dags/etl_pipeline.py
[2024-08-04T07:00:13.018+0000] {processor.py:840} INFO - DAG(s) 'etl_process' retrieved from /opt/airflow/dags/etl_pipeline.py
[2024-08-04T07:00:13.050+0000] {logging_mixin.py:188} INFO - [2024-08-04T07:00:13.049+0000] {dag.py:3096} INFO - Sync 1 DAGs
[2024-08-04T07:00:13.071+0000] {logging_mixin.py:188} INFO - [2024-08-04T07:00:13.070+0000] {dag.py:3954} INFO - Setting next_dagrun for etl_process to 2024-08-04 00:00:00+00:00, run_after=2024-08-05 00:00:00+00:00
[2024-08-04T07:00:13.092+0000] {processor.py:183} INFO - Processing /opt/airflow/dags/etl_pipeline.py took 0.611 seconds
[2024-08-04T07:00:43.311+0000] {processor.py:161} INFO - Started process (PID=235) to work on /opt/airflow/dags/etl_pipeline.py
[2024-08-04T07:00:43.311+0000] {processor.py:830} INFO - Processing file /opt/airflow/dags/etl_pipeline.py for tasks to queue
[2024-08-04T07:00:43.313+0000] {logging_mixin.py:188} INFO - [2024-08-04T07:00:43.313+0000] {dagbag.py:545} INFO - Filling up the DagBag from /opt/airflow/dags/etl_pipeline.py
[2024-08-04T07:00:43.894+0000] {processor.py:840} INFO - DAG(s) 'etl_process' retrieved from /opt/airflow/dags/etl_pipeline.py
[2024-08-04T07:00:43.922+0000] {logging_mixin.py:188} INFO - [2024-08-04T07:00:43.922+0000] {dag.py:3096} INFO - Sync 1 DAGs
[2024-08-04T07:00:43.939+0000] {logging_mixin.py:188} INFO - [2024-08-04T07:00:43.939+0000] {dag.py:3954} INFO - Setting next_dagrun for etl_process to 2024-08-04 00:00:00+00:00, run_after=2024-08-05 00:00:00+00:00
[2024-08-04T07:00:43.961+0000] {processor.py:183} INFO - Processing /opt/airflow/dags/etl_pipeline.py took 0.656 seconds
[2024-08-04T07:01:14.174+0000] {processor.py:161} INFO - Started process (PID=237) to work on /opt/airflow/dags/etl_pipeline.py
[2024-08-04T07:01:14.175+0000] {processor.py:830} INFO - Processing file /opt/airflow/dags/etl_pipeline.py for tasks to queue
[2024-08-04T07:01:14.177+0000] {logging_mixin.py:188} INFO - [2024-08-04T07:01:14.177+0000] {dagbag.py:545} INFO - Filling up the DagBag from /opt/airflow/dags/etl_pipeline.py
[2024-08-04T07:01:14.733+0000] {processor.py:840} INFO - DAG(s) 'etl_process' retrieved from /opt/airflow/dags/etl_pipeline.py
[2024-08-04T07:01:14.760+0000] {logging_mixin.py:188} INFO - [2024-08-04T07:01:14.760+0000] {dag.py:3096} INFO - Sync 1 DAGs
[2024-08-04T07:01:14.781+0000] {logging_mixin.py:188} INFO - [2024-08-04T07:01:14.781+0000] {dag.py:3954} INFO - Setting next_dagrun for etl_process to 2024-08-04 00:00:00+00:00, run_after=2024-08-05 00:00:00+00:00
[2024-08-04T07:01:14.800+0000] {processor.py:183} INFO - Processing /opt/airflow/dags/etl_pipeline.py took 0.632 seconds
[2024-08-04T07:01:44.981+0000] {processor.py:161} INFO - Started process (PID=239) to work on /opt/airflow/dags/etl_pipeline.py
[2024-08-04T07:01:44.982+0000] {processor.py:830} INFO - Processing file /opt/airflow/dags/etl_pipeline.py for tasks to queue
[2024-08-04T07:01:44.984+0000] {logging_mixin.py:188} INFO - [2024-08-04T07:01:44.984+0000] {dagbag.py:545} INFO - Filling up the DagBag from /opt/airflow/dags/etl_pipeline.py
[2024-08-04T07:01:45.536+0000] {processor.py:840} INFO - DAG(s) 'etl_process' retrieved from /opt/airflow/dags/etl_pipeline.py
[2024-08-04T07:01:45.565+0000] {logging_mixin.py:188} INFO - [2024-08-04T07:01:45.564+0000] {dag.py:3096} INFO - Sync 1 DAGs
[2024-08-04T07:01:45.587+0000] {logging_mixin.py:188} INFO - [2024-08-04T07:01:45.587+0000] {dag.py:3954} INFO - Setting next_dagrun for etl_process to 2024-08-04 00:00:00+00:00, run_after=2024-08-05 00:00:00+00:00
[2024-08-04T07:01:45.608+0000] {processor.py:183} INFO - Processing /opt/airflow/dags/etl_pipeline.py took 0.631 seconds
[2024-08-04T07:02:15.825+0000] {processor.py:161} INFO - Started process (PID=241) to work on /opt/airflow/dags/etl_pipeline.py
[2024-08-04T07:02:15.826+0000] {processor.py:830} INFO - Processing file /opt/airflow/dags/etl_pipeline.py for tasks to queue
[2024-08-04T07:02:15.828+0000] {logging_mixin.py:188} INFO - [2024-08-04T07:02:15.827+0000] {dagbag.py:545} INFO - Filling up the DagBag from /opt/airflow/dags/etl_pipeline.py
[2024-08-04T07:02:16.397+0000] {processor.py:840} INFO - DAG(s) 'etl_process' retrieved from /opt/airflow/dags/etl_pipeline.py
[2024-08-04T07:02:16.433+0000] {logging_mixin.py:188} INFO - [2024-08-04T07:02:16.433+0000] {dag.py:3096} INFO - Sync 1 DAGs
[2024-08-04T07:02:16.453+0000] {logging_mixin.py:188} INFO - [2024-08-04T07:02:16.453+0000] {dag.py:3954} INFO - Setting next_dagrun for etl_process to 2024-08-04 00:00:00+00:00, run_after=2024-08-05 00:00:00+00:00
[2024-08-04T07:02:16.476+0000] {processor.py:183} INFO - Processing /opt/airflow/dags/etl_pipeline.py took 0.656 seconds
[2024-08-04T07:02:46.686+0000] {processor.py:161} INFO - Started process (PID=243) to work on /opt/airflow/dags/etl_pipeline.py
[2024-08-04T07:02:46.687+0000] {processor.py:830} INFO - Processing file /opt/airflow/dags/etl_pipeline.py for tasks to queue
[2024-08-04T07:02:46.689+0000] {logging_mixin.py:188} INFO - [2024-08-04T07:02:46.688+0000] {dagbag.py:545} INFO - Filling up the DagBag from /opt/airflow/dags/etl_pipeline.py
[2024-08-04T07:02:47.237+0000] {processor.py:840} INFO - DAG(s) 'etl_process' retrieved from /opt/airflow/dags/etl_pipeline.py
[2024-08-04T07:02:47.271+0000] {logging_mixin.py:188} INFO - [2024-08-04T07:02:47.271+0000] {dag.py:3096} INFO - Sync 1 DAGs
[2024-08-04T07:02:47.291+0000] {logging_mixin.py:188} INFO - [2024-08-04T07:02:47.290+0000] {dag.py:3954} INFO - Setting next_dagrun for etl_process to 2024-08-04 00:00:00+00:00, run_after=2024-08-05 00:00:00+00:00
[2024-08-04T07:02:47.314+0000] {processor.py:183} INFO - Processing /opt/airflow/dags/etl_pipeline.py took 0.634 seconds
[2024-08-04T07:03:17.533+0000] {processor.py:161} INFO - Started process (PID=245) to work on /opt/airflow/dags/etl_pipeline.py
[2024-08-04T07:03:17.534+0000] {processor.py:830} INFO - Processing file /opt/airflow/dags/etl_pipeline.py for tasks to queue
[2024-08-04T07:03:17.535+0000] {logging_mixin.py:188} INFO - [2024-08-04T07:03:17.535+0000] {dagbag.py:545} INFO - Filling up the DagBag from /opt/airflow/dags/etl_pipeline.py
[2024-08-04T07:03:18.066+0000] {processor.py:840} INFO - DAG(s) 'etl_process' retrieved from /opt/airflow/dags/etl_pipeline.py
[2024-08-04T07:03:18.093+0000] {logging_mixin.py:188} INFO - [2024-08-04T07:03:18.093+0000] {dag.py:3096} INFO - Sync 1 DAGs
[2024-08-04T07:03:18.112+0000] {logging_mixin.py:188} INFO - [2024-08-04T07:03:18.112+0000] {dag.py:3954} INFO - Setting next_dagrun for etl_process to 2024-08-04 00:00:00+00:00, run_after=2024-08-05 00:00:00+00:00
[2024-08-04T07:03:18.135+0000] {processor.py:183} INFO - Processing /opt/airflow/dags/etl_pipeline.py took 0.608 seconds
[2024-08-04T07:03:48.336+0000] {processor.py:161} INFO - Started process (PID=247) to work on /opt/airflow/dags/etl_pipeline.py
[2024-08-04T07:03:48.337+0000] {processor.py:830} INFO - Processing file /opt/airflow/dags/etl_pipeline.py for tasks to queue
[2024-08-04T07:03:48.338+0000] {logging_mixin.py:188} INFO - [2024-08-04T07:03:48.338+0000] {dagbag.py:545} INFO - Filling up the DagBag from /opt/airflow/dags/etl_pipeline.py
[2024-08-04T07:03:48.843+0000] {processor.py:840} INFO - DAG(s) 'etl_process' retrieved from /opt/airflow/dags/etl_pipeline.py
[2024-08-04T07:03:48.872+0000] {logging_mixin.py:188} INFO - [2024-08-04T07:03:48.871+0000] {dag.py:3096} INFO - Sync 1 DAGs
[2024-08-04T07:03:48.892+0000] {logging_mixin.py:188} INFO - [2024-08-04T07:03:48.892+0000] {dag.py:3954} INFO - Setting next_dagrun for etl_process to 2024-08-04 00:00:00+00:00, run_after=2024-08-05 00:00:00+00:00
[2024-08-04T07:03:48.914+0000] {processor.py:183} INFO - Processing /opt/airflow/dags/etl_pipeline.py took 0.583 seconds
[2024-08-04T07:04:19.125+0000] {processor.py:161} INFO - Started process (PID=249) to work on /opt/airflow/dags/etl_pipeline.py
[2024-08-04T07:04:19.126+0000] {processor.py:830} INFO - Processing file /opt/airflow/dags/etl_pipeline.py for tasks to queue
[2024-08-04T07:04:19.128+0000] {logging_mixin.py:188} INFO - [2024-08-04T07:04:19.127+0000] {dagbag.py:545} INFO - Filling up the DagBag from /opt/airflow/dags/etl_pipeline.py
[2024-08-04T07:04:19.645+0000] {processor.py:840} INFO - DAG(s) 'etl_process' retrieved from /opt/airflow/dags/etl_pipeline.py
[2024-08-04T07:04:19.670+0000] {logging_mixin.py:188} INFO - [2024-08-04T07:04:19.670+0000] {dag.py:3096} INFO - Sync 1 DAGs
[2024-08-04T07:04:19.689+0000] {logging_mixin.py:188} INFO - [2024-08-04T07:04:19.689+0000] {dag.py:3954} INFO - Setting next_dagrun for etl_process to 2024-08-04 00:00:00+00:00, run_after=2024-08-05 00:00:00+00:00
[2024-08-04T07:04:19.711+0000] {processor.py:183} INFO - Processing /opt/airflow/dags/etl_pipeline.py took 0.591 seconds
[2024-08-04T07:04:49.905+0000] {processor.py:161} INFO - Started process (PID=251) to work on /opt/airflow/dags/etl_pipeline.py
[2024-08-04T07:04:49.905+0000] {processor.py:830} INFO - Processing file /opt/airflow/dags/etl_pipeline.py for tasks to queue
[2024-08-04T07:04:49.907+0000] {logging_mixin.py:188} INFO - [2024-08-04T07:04:49.907+0000] {dagbag.py:545} INFO - Filling up the DagBag from /opt/airflow/dags/etl_pipeline.py
[2024-08-04T07:04:50.418+0000] {processor.py:840} INFO - DAG(s) 'etl_process' retrieved from /opt/airflow/dags/etl_pipeline.py
[2024-08-04T07:04:50.446+0000] {logging_mixin.py:188} INFO - [2024-08-04T07:04:50.446+0000] {dag.py:3096} INFO - Sync 1 DAGs
[2024-08-04T07:04:50.465+0000] {logging_mixin.py:188} INFO - [2024-08-04T07:04:50.465+0000] {dag.py:3954} INFO - Setting next_dagrun for etl_process to 2024-08-04 00:00:00+00:00, run_after=2024-08-05 00:00:00+00:00
[2024-08-04T07:04:50.487+0000] {processor.py:183} INFO - Processing /opt/airflow/dags/etl_pipeline.py took 0.588 seconds
[2024-08-04T07:05:20.707+0000] {processor.py:161} INFO - Started process (PID=253) to work on /opt/airflow/dags/etl_pipeline.py
[2024-08-04T07:05:20.708+0000] {processor.py:830} INFO - Processing file /opt/airflow/dags/etl_pipeline.py for tasks to queue
[2024-08-04T07:05:20.710+0000] {logging_mixin.py:188} INFO - [2024-08-04T07:05:20.710+0000] {dagbag.py:545} INFO - Filling up the DagBag from /opt/airflow/dags/etl_pipeline.py
[2024-08-04T07:05:21.302+0000] {processor.py:840} INFO - DAG(s) 'etl_process' retrieved from /opt/airflow/dags/etl_pipeline.py
[2024-08-04T07:05:21.330+0000] {logging_mixin.py:188} INFO - [2024-08-04T07:05:21.330+0000] {dag.py:3096} INFO - Sync 1 DAGs
[2024-08-04T07:05:21.349+0000] {logging_mixin.py:188} INFO - [2024-08-04T07:05:21.348+0000] {dag.py:3954} INFO - Setting next_dagrun for etl_process to 2024-08-04 00:00:00+00:00, run_after=2024-08-05 00:00:00+00:00
[2024-08-04T07:05:21.371+0000] {processor.py:183} INFO - Processing /opt/airflow/dags/etl_pipeline.py took 0.670 seconds
[2024-08-04T07:05:51.580+0000] {processor.py:161} INFO - Started process (PID=255) to work on /opt/airflow/dags/etl_pipeline.py
[2024-08-04T07:05:51.581+0000] {processor.py:830} INFO - Processing file /opt/airflow/dags/etl_pipeline.py for tasks to queue
[2024-08-04T07:05:51.583+0000] {logging_mixin.py:188} INFO - [2024-08-04T07:05:51.583+0000] {dagbag.py:545} INFO - Filling up the DagBag from /opt/airflow/dags/etl_pipeline.py
[2024-08-04T07:05:52.067+0000] {processor.py:840} INFO - DAG(s) 'etl_process' retrieved from /opt/airflow/dags/etl_pipeline.py
[2024-08-04T07:05:52.095+0000] {logging_mixin.py:188} INFO - [2024-08-04T07:05:52.094+0000] {dag.py:3096} INFO - Sync 1 DAGs
[2024-08-04T07:05:52.115+0000] {logging_mixin.py:188} INFO - [2024-08-04T07:05:52.115+0000] {dag.py:3954} INFO - Setting next_dagrun for etl_process to 2024-08-04 00:00:00+00:00, run_after=2024-08-05 00:00:00+00:00
[2024-08-04T07:05:52.135+0000] {processor.py:183} INFO - Processing /opt/airflow/dags/etl_pipeline.py took 0.559 seconds
[2024-08-04T07:06:22.357+0000] {processor.py:161} INFO - Started process (PID=257) to work on /opt/airflow/dags/etl_pipeline.py
[2024-08-04T07:06:22.358+0000] {processor.py:830} INFO - Processing file /opt/airflow/dags/etl_pipeline.py for tasks to queue
[2024-08-04T07:06:22.360+0000] {logging_mixin.py:188} INFO - [2024-08-04T07:06:22.359+0000] {dagbag.py:545} INFO - Filling up the DagBag from /opt/airflow/dags/etl_pipeline.py
[2024-08-04T07:06:22.884+0000] {processor.py:840} INFO - DAG(s) 'etl_process' retrieved from /opt/airflow/dags/etl_pipeline.py
[2024-08-04T07:06:22.912+0000] {logging_mixin.py:188} INFO - [2024-08-04T07:06:22.912+0000] {dag.py:3096} INFO - Sync 1 DAGs
[2024-08-04T07:06:22.932+0000] {logging_mixin.py:188} INFO - [2024-08-04T07:06:22.932+0000] {dag.py:3954} INFO - Setting next_dagrun for etl_process to 2024-08-04 00:00:00+00:00, run_after=2024-08-05 00:00:00+00:00
[2024-08-04T07:06:22.953+0000] {processor.py:183} INFO - Processing /opt/airflow/dags/etl_pipeline.py took 0.602 seconds
[2024-08-04T07:06:53.146+0000] {processor.py:161} INFO - Started process (PID=259) to work on /opt/airflow/dags/etl_pipeline.py
[2024-08-04T07:06:53.146+0000] {processor.py:830} INFO - Processing file /opt/airflow/dags/etl_pipeline.py for tasks to queue
[2024-08-04T07:06:53.148+0000] {logging_mixin.py:188} INFO - [2024-08-04T07:06:53.148+0000] {dagbag.py:545} INFO - Filling up the DagBag from /opt/airflow/dags/etl_pipeline.py
[2024-08-04T07:06:53.644+0000] {processor.py:840} INFO - DAG(s) 'etl_process' retrieved from /opt/airflow/dags/etl_pipeline.py
[2024-08-04T07:06:53.671+0000] {logging_mixin.py:188} INFO - [2024-08-04T07:06:53.670+0000] {dag.py:3096} INFO - Sync 1 DAGs
[2024-08-04T07:06:53.689+0000] {logging_mixin.py:188} INFO - [2024-08-04T07:06:53.689+0000] {dag.py:3954} INFO - Setting next_dagrun for etl_process to 2024-08-04 00:00:00+00:00, run_after=2024-08-05 00:00:00+00:00
[2024-08-04T07:06:53.711+0000] {processor.py:183} INFO - Processing /opt/airflow/dags/etl_pipeline.py took 0.570 seconds
[2024-08-04T07:07:23.920+0000] {processor.py:161} INFO - Started process (PID=261) to work on /opt/airflow/dags/etl_pipeline.py
[2024-08-04T07:07:23.921+0000] {processor.py:830} INFO - Processing file /opt/airflow/dags/etl_pipeline.py for tasks to queue
[2024-08-04T07:07:23.923+0000] {logging_mixin.py:188} INFO - [2024-08-04T07:07:23.922+0000] {dagbag.py:545} INFO - Filling up the DagBag from /opt/airflow/dags/etl_pipeline.py
[2024-08-04T07:07:24.396+0000] {processor.py:840} INFO - DAG(s) 'etl_process' retrieved from /opt/airflow/dags/etl_pipeline.py
[2024-08-04T07:07:24.424+0000] {logging_mixin.py:188} INFO - [2024-08-04T07:07:24.423+0000] {dag.py:3096} INFO - Sync 1 DAGs
[2024-08-04T07:07:24.442+0000] {logging_mixin.py:188} INFO - [2024-08-04T07:07:24.441+0000] {dag.py:3954} INFO - Setting next_dagrun for etl_process to 2024-08-04 00:00:00+00:00, run_after=2024-08-05 00:00:00+00:00
[2024-08-04T07:07:24.463+0000] {processor.py:183} INFO - Processing /opt/airflow/dags/etl_pipeline.py took 0.548 seconds
[2024-08-04T07:07:54.572+0000] {processor.py:161} INFO - Started process (PID=263) to work on /opt/airflow/dags/etl_pipeline.py
[2024-08-04T07:07:54.573+0000] {processor.py:830} INFO - Processing file /opt/airflow/dags/etl_pipeline.py for tasks to queue
[2024-08-04T07:07:54.575+0000] {logging_mixin.py:188} INFO - [2024-08-04T07:07:54.574+0000] {dagbag.py:545} INFO - Filling up the DagBag from /opt/airflow/dags/etl_pipeline.py
[2024-08-04T07:07:55.045+0000] {processor.py:840} INFO - DAG(s) 'etl_process' retrieved from /opt/airflow/dags/etl_pipeline.py
[2024-08-04T07:07:55.072+0000] {logging_mixin.py:188} INFO - [2024-08-04T07:07:55.071+0000] {dag.py:3096} INFO - Sync 1 DAGs
[2024-08-04T07:07:55.088+0000] {logging_mixin.py:188} INFO - [2024-08-04T07:07:55.088+0000] {dag.py:3954} INFO - Setting next_dagrun for etl_process to 2024-08-04 00:00:00+00:00, run_after=2024-08-05 00:00:00+00:00
[2024-08-04T07:07:55.112+0000] {processor.py:183} INFO - Processing /opt/airflow/dags/etl_pipeline.py took 0.544 seconds
[2024-08-04T07:08:25.320+0000] {processor.py:161} INFO - Started process (PID=265) to work on /opt/airflow/dags/etl_pipeline.py
[2024-08-04T07:08:25.321+0000] {processor.py:830} INFO - Processing file /opt/airflow/dags/etl_pipeline.py for tasks to queue
[2024-08-04T07:08:25.322+0000] {logging_mixin.py:188} INFO - [2024-08-04T07:08:25.322+0000] {dagbag.py:545} INFO - Filling up the DagBag from /opt/airflow/dags/etl_pipeline.py
[2024-08-04T07:08:25.810+0000] {processor.py:840} INFO - DAG(s) 'etl_process' retrieved from /opt/airflow/dags/etl_pipeline.py
[2024-08-04T07:08:25.835+0000] {logging_mixin.py:188} INFO - [2024-08-04T07:08:25.834+0000] {dag.py:3096} INFO - Sync 1 DAGs
[2024-08-04T07:08:25.852+0000] {logging_mixin.py:188} INFO - [2024-08-04T07:08:25.851+0000] {dag.py:3954} INFO - Setting next_dagrun for etl_process to 2024-08-04 00:00:00+00:00, run_after=2024-08-05 00:00:00+00:00
[2024-08-04T07:08:25.872+0000] {processor.py:183} INFO - Processing /opt/airflow/dags/etl_pipeline.py took 0.556 seconds
[2024-08-04T07:08:55.993+0000] {processor.py:161} INFO - Started process (PID=267) to work on /opt/airflow/dags/etl_pipeline.py
[2024-08-04T07:08:55.993+0000] {processor.py:830} INFO - Processing file /opt/airflow/dags/etl_pipeline.py for tasks to queue
[2024-08-04T07:08:55.996+0000] {logging_mixin.py:188} INFO - [2024-08-04T07:08:55.995+0000] {dagbag.py:545} INFO - Filling up the DagBag from /opt/airflow/dags/etl_pipeline.py
[2024-08-04T07:08:56.498+0000] {processor.py:840} INFO - DAG(s) 'etl_process' retrieved from /opt/airflow/dags/etl_pipeline.py
[2024-08-04T07:08:56.529+0000] {logging_mixin.py:188} INFO - [2024-08-04T07:08:56.528+0000] {dag.py:3096} INFO - Sync 1 DAGs
[2024-08-04T07:08:56.547+0000] {logging_mixin.py:188} INFO - [2024-08-04T07:08:56.547+0000] {dag.py:3954} INFO - Setting next_dagrun for etl_process to 2024-08-04 00:00:00+00:00, run_after=2024-08-05 00:00:00+00:00
[2024-08-04T07:08:56.570+0000] {processor.py:183} INFO - Processing /opt/airflow/dags/etl_pipeline.py took 0.582 seconds
[2024-08-04T07:09:26.786+0000] {processor.py:161} INFO - Started process (PID=269) to work on /opt/airflow/dags/etl_pipeline.py
[2024-08-04T07:09:26.787+0000] {processor.py:830} INFO - Processing file /opt/airflow/dags/etl_pipeline.py for tasks to queue
[2024-08-04T07:09:26.789+0000] {logging_mixin.py:188} INFO - [2024-08-04T07:09:26.789+0000] {dagbag.py:545} INFO - Filling up the DagBag from /opt/airflow/dags/etl_pipeline.py
[2024-08-04T07:09:27.623+0000] {processor.py:840} INFO - DAG(s) 'etl_process' retrieved from /opt/airflow/dags/etl_pipeline.py
[2024-08-04T07:09:27.663+0000] {logging_mixin.py:188} INFO - [2024-08-04T07:09:27.662+0000] {dag.py:3096} INFO - Sync 1 DAGs
[2024-08-04T07:09:27.681+0000] {logging_mixin.py:188} INFO - [2024-08-04T07:09:27.681+0000] {dag.py:3954} INFO - Setting next_dagrun for etl_process to 2024-08-04 00:00:00+00:00, run_after=2024-08-05 00:00:00+00:00
[2024-08-04T07:09:27.700+0000] {processor.py:183} INFO - Processing /opt/airflow/dags/etl_pipeline.py took 0.919 seconds
[2024-08-04T07:09:57.907+0000] {processor.py:161} INFO - Started process (PID=271) to work on /opt/airflow/dags/etl_pipeline.py
[2024-08-04T07:09:57.907+0000] {processor.py:830} INFO - Processing file /opt/airflow/dags/etl_pipeline.py for tasks to queue
[2024-08-04T07:09:57.909+0000] {logging_mixin.py:188} INFO - [2024-08-04T07:09:57.909+0000] {dagbag.py:545} INFO - Filling up the DagBag from /opt/airflow/dags/etl_pipeline.py
[2024-08-04T07:09:58.407+0000] {processor.py:840} INFO - DAG(s) 'etl_process' retrieved from /opt/airflow/dags/etl_pipeline.py
[2024-08-04T07:09:58.436+0000] {logging_mixin.py:188} INFO - [2024-08-04T07:09:58.435+0000] {dag.py:3096} INFO - Sync 1 DAGs
[2024-08-04T07:09:58.456+0000] {logging_mixin.py:188} INFO - [2024-08-04T07:09:58.456+0000] {dag.py:3954} INFO - Setting next_dagrun for etl_process to 2024-08-04 00:00:00+00:00, run_after=2024-08-05 00:00:00+00:00
[2024-08-04T07:09:58.476+0000] {processor.py:183} INFO - Processing /opt/airflow/dags/etl_pipeline.py took 0.574 seconds
[2024-08-04T07:10:28.571+0000] {processor.py:161} INFO - Started process (PID=273) to work on /opt/airflow/dags/etl_pipeline.py
[2024-08-04T07:10:28.572+0000] {processor.py:830} INFO - Processing file /opt/airflow/dags/etl_pipeline.py for tasks to queue
[2024-08-04T07:10:28.574+0000] {logging_mixin.py:188} INFO - [2024-08-04T07:10:28.573+0000] {dagbag.py:545} INFO - Filling up the DagBag from /opt/airflow/dags/etl_pipeline.py
[2024-08-04T07:10:29.043+0000] {processor.py:840} INFO - DAG(s) 'etl_process' retrieved from /opt/airflow/dags/etl_pipeline.py
[2024-08-04T07:10:29.072+0000] {logging_mixin.py:188} INFO - [2024-08-04T07:10:29.071+0000] {dag.py:3096} INFO - Sync 1 DAGs
[2024-08-04T07:10:29.090+0000] {logging_mixin.py:188} INFO - [2024-08-04T07:10:29.089+0000] {dag.py:3954} INFO - Setting next_dagrun for etl_process to 2024-08-04 00:00:00+00:00, run_after=2024-08-05 00:00:00+00:00
[2024-08-04T07:10:29.109+0000] {processor.py:183} INFO - Processing /opt/airflow/dags/etl_pipeline.py took 0.542 seconds
[2024-08-04T07:10:59.312+0000] {processor.py:161} INFO - Started process (PID=275) to work on /opt/airflow/dags/etl_pipeline.py
[2024-08-04T07:10:59.313+0000] {processor.py:830} INFO - Processing file /opt/airflow/dags/etl_pipeline.py for tasks to queue
[2024-08-04T07:10:59.314+0000] {logging_mixin.py:188} INFO - [2024-08-04T07:10:59.314+0000] {dagbag.py:545} INFO - Filling up the DagBag from /opt/airflow/dags/etl_pipeline.py
[2024-08-04T07:10:59.911+0000] {processor.py:840} INFO - DAG(s) 'etl_process' retrieved from /opt/airflow/dags/etl_pipeline.py
[2024-08-04T07:10:59.937+0000] {logging_mixin.py:188} INFO - [2024-08-04T07:10:59.937+0000] {dag.py:3096} INFO - Sync 1 DAGs
[2024-08-04T07:10:59.957+0000] {logging_mixin.py:188} INFO - [2024-08-04T07:10:59.956+0000] {dag.py:3954} INFO - Setting next_dagrun for etl_process to 2024-08-04 00:00:00+00:00, run_after=2024-08-05 00:00:00+00:00
[2024-08-04T07:10:59.977+0000] {processor.py:183} INFO - Processing /opt/airflow/dags/etl_pipeline.py took 0.670 seconds
[2024-08-04T07:11:30.182+0000] {processor.py:161} INFO - Started process (PID=277) to work on /opt/airflow/dags/etl_pipeline.py
[2024-08-04T07:11:30.183+0000] {processor.py:830} INFO - Processing file /opt/airflow/dags/etl_pipeline.py for tasks to queue
[2024-08-04T07:11:30.184+0000] {logging_mixin.py:188} INFO - [2024-08-04T07:11:30.184+0000] {dagbag.py:545} INFO - Filling up the DagBag from /opt/airflow/dags/etl_pipeline.py
[2024-08-04T07:11:30.709+0000] {processor.py:840} INFO - DAG(s) 'etl_process' retrieved from /opt/airflow/dags/etl_pipeline.py
[2024-08-04T07:11:30.737+0000] {logging_mixin.py:188} INFO - [2024-08-04T07:11:30.737+0000] {dag.py:3096} INFO - Sync 1 DAGs
[2024-08-04T07:11:30.756+0000] {logging_mixin.py:188} INFO - [2024-08-04T07:11:30.755+0000] {dag.py:3954} INFO - Setting next_dagrun for etl_process to 2024-08-04 00:00:00+00:00, run_after=2024-08-05 00:00:00+00:00
[2024-08-04T07:11:30.778+0000] {processor.py:183} INFO - Processing /opt/airflow/dags/etl_pipeline.py took 0.601 seconds
[2024-08-04T07:12:00.991+0000] {processor.py:161} INFO - Started process (PID=279) to work on /opt/airflow/dags/etl_pipeline.py
[2024-08-04T07:12:00.992+0000] {processor.py:830} INFO - Processing file /opt/airflow/dags/etl_pipeline.py for tasks to queue
[2024-08-04T07:12:00.994+0000] {logging_mixin.py:188} INFO - [2024-08-04T07:12:00.994+0000] {dagbag.py:545} INFO - Filling up the DagBag from /opt/airflow/dags/etl_pipeline.py
[2024-08-04T07:12:01.519+0000] {processor.py:840} INFO - DAG(s) 'etl_process' retrieved from /opt/airflow/dags/etl_pipeline.py
[2024-08-04T07:12:01.546+0000] {logging_mixin.py:188} INFO - [2024-08-04T07:12:01.546+0000] {dag.py:3096} INFO - Sync 1 DAGs
[2024-08-04T07:12:01.567+0000] {logging_mixin.py:188} INFO - [2024-08-04T07:12:01.567+0000] {dag.py:3954} INFO - Setting next_dagrun for etl_process to 2024-08-04 00:00:00+00:00, run_after=2024-08-05 00:00:00+00:00
[2024-08-04T07:12:01.588+0000] {processor.py:183} INFO - Processing /opt/airflow/dags/etl_pipeline.py took 0.602 seconds
[2024-08-04T07:12:31.783+0000] {processor.py:161} INFO - Started process (PID=281) to work on /opt/airflow/dags/etl_pipeline.py
[2024-08-04T07:12:31.783+0000] {processor.py:830} INFO - Processing file /opt/airflow/dags/etl_pipeline.py for tasks to queue
[2024-08-04T07:12:31.785+0000] {logging_mixin.py:188} INFO - [2024-08-04T07:12:31.785+0000] {dagbag.py:545} INFO - Filling up the DagBag from /opt/airflow/dags/etl_pipeline.py
[2024-08-04T07:12:32.295+0000] {processor.py:840} INFO - DAG(s) 'etl_process' retrieved from /opt/airflow/dags/etl_pipeline.py
[2024-08-04T07:12:32.320+0000] {logging_mixin.py:188} INFO - [2024-08-04T07:12:32.319+0000] {dag.py:3096} INFO - Sync 1 DAGs
[2024-08-04T07:12:32.339+0000] {logging_mixin.py:188} INFO - [2024-08-04T07:12:32.339+0000] {dag.py:3954} INFO - Setting next_dagrun for etl_process to 2024-08-04 00:00:00+00:00, run_after=2024-08-05 00:00:00+00:00
[2024-08-04T07:12:32.360+0000] {processor.py:183} INFO - Processing /opt/airflow/dags/etl_pipeline.py took 0.582 seconds
[2024-08-04T07:13:02.713+0000] {processor.py:161} INFO - Started process (PID=283) to work on /opt/airflow/dags/etl_pipeline.py
[2024-08-04T07:13:02.715+0000] {processor.py:830} INFO - Processing file /opt/airflow/dags/etl_pipeline.py for tasks to queue
[2024-08-04T07:13:02.717+0000] {logging_mixin.py:188} INFO - [2024-08-04T07:13:02.717+0000] {dagbag.py:545} INFO - Filling up the DagBag from /opt/airflow/dags/etl_pipeline.py
[2024-08-04T07:13:03.259+0000] {processor.py:840} INFO - DAG(s) 'etl_process' retrieved from /opt/airflow/dags/etl_pipeline.py
[2024-08-04T07:13:03.286+0000] {logging_mixin.py:188} INFO - [2024-08-04T07:13:03.286+0000] {dag.py:3096} INFO - Sync 1 DAGs
[2024-08-04T07:13:03.303+0000] {logging_mixin.py:188} INFO - [2024-08-04T07:13:03.303+0000] {dag.py:3954} INFO - Setting next_dagrun for etl_process to 2024-08-04 00:00:00+00:00, run_after=2024-08-05 00:00:00+00:00
[2024-08-04T07:13:03.324+0000] {processor.py:183} INFO - Processing /opt/airflow/dags/etl_pipeline.py took 0.616 seconds
[2024-08-04T07:13:33.538+0000] {processor.py:161} INFO - Started process (PID=285) to work on /opt/airflow/dags/etl_pipeline.py
[2024-08-04T07:13:33.539+0000] {processor.py:830} INFO - Processing file /opt/airflow/dags/etl_pipeline.py for tasks to queue
[2024-08-04T07:13:33.541+0000] {logging_mixin.py:188} INFO - [2024-08-04T07:13:33.540+0000] {dagbag.py:545} INFO - Filling up the DagBag from /opt/airflow/dags/etl_pipeline.py
[2024-08-04T07:13:34.019+0000] {processor.py:840} INFO - DAG(s) 'etl_process' retrieved from /opt/airflow/dags/etl_pipeline.py
[2024-08-04T07:13:34.045+0000] {logging_mixin.py:188} INFO - [2024-08-04T07:13:34.044+0000] {dag.py:3096} INFO - Sync 1 DAGs
[2024-08-04T07:13:34.062+0000] {logging_mixin.py:188} INFO - [2024-08-04T07:13:34.062+0000] {dag.py:3954} INFO - Setting next_dagrun for etl_process to 2024-08-04 00:00:00+00:00, run_after=2024-08-05 00:00:00+00:00
[2024-08-04T07:13:34.084+0000] {processor.py:183} INFO - Processing /opt/airflow/dags/etl_pipeline.py took 0.550 seconds
[2024-08-04T07:14:04.289+0000] {processor.py:161} INFO - Started process (PID=287) to work on /opt/airflow/dags/etl_pipeline.py
[2024-08-04T07:14:04.290+0000] {processor.py:830} INFO - Processing file /opt/airflow/dags/etl_pipeline.py for tasks to queue
[2024-08-04T07:14:04.291+0000] {logging_mixin.py:188} INFO - [2024-08-04T07:14:04.291+0000] {dagbag.py:545} INFO - Filling up the DagBag from /opt/airflow/dags/etl_pipeline.py
[2024-08-04T07:14:04.816+0000] {processor.py:840} INFO - DAG(s) 'etl_process' retrieved from /opt/airflow/dags/etl_pipeline.py
[2024-08-04T07:14:04.843+0000] {logging_mixin.py:188} INFO - [2024-08-04T07:14:04.842+0000] {dag.py:3096} INFO - Sync 1 DAGs
[2024-08-04T07:14:04.861+0000] {logging_mixin.py:188} INFO - [2024-08-04T07:14:04.861+0000] {dag.py:3954} INFO - Setting next_dagrun for etl_process to 2024-08-04 00:00:00+00:00, run_after=2024-08-05 00:00:00+00:00
[2024-08-04T07:14:04.884+0000] {processor.py:183} INFO - Processing /opt/airflow/dags/etl_pipeline.py took 0.600 seconds
[2024-08-04T07:14:35.098+0000] {processor.py:161} INFO - Started process (PID=289) to work on /opt/airflow/dags/etl_pipeline.py
[2024-08-04T07:14:35.099+0000] {processor.py:830} INFO - Processing file /opt/airflow/dags/etl_pipeline.py for tasks to queue
[2024-08-04T07:14:35.101+0000] {logging_mixin.py:188} INFO - [2024-08-04T07:14:35.101+0000] {dagbag.py:545} INFO - Filling up the DagBag from /opt/airflow/dags/etl_pipeline.py
[2024-08-04T07:14:35.597+0000] {processor.py:840} INFO - DAG(s) 'etl_process' retrieved from /opt/airflow/dags/etl_pipeline.py
[2024-08-04T07:14:35.625+0000] {logging_mixin.py:188} INFO - [2024-08-04T07:14:35.624+0000] {dag.py:3096} INFO - Sync 1 DAGs
[2024-08-04T07:14:35.644+0000] {logging_mixin.py:188} INFO - [2024-08-04T07:14:35.644+0000] {dag.py:3954} INFO - Setting next_dagrun for etl_process to 2024-08-04 00:00:00+00:00, run_after=2024-08-05 00:00:00+00:00
[2024-08-04T07:14:35.666+0000] {processor.py:183} INFO - Processing /opt/airflow/dags/etl_pipeline.py took 0.572 seconds
[2024-08-04T07:15:05.870+0000] {processor.py:161} INFO - Started process (PID=291) to work on /opt/airflow/dags/etl_pipeline.py
[2024-08-04T07:15:05.870+0000] {processor.py:830} INFO - Processing file /opt/airflow/dags/etl_pipeline.py for tasks to queue
[2024-08-04T07:15:05.872+0000] {logging_mixin.py:188} INFO - [2024-08-04T07:15:05.872+0000] {dagbag.py:545} INFO - Filling up the DagBag from /opt/airflow/dags/etl_pipeline.py
[2024-08-04T07:15:06.369+0000] {processor.py:840} INFO - DAG(s) 'etl_process' retrieved from /opt/airflow/dags/etl_pipeline.py
[2024-08-04T07:15:06.395+0000] {logging_mixin.py:188} INFO - [2024-08-04T07:15:06.394+0000] {dag.py:3096} INFO - Sync 1 DAGs
[2024-08-04T07:15:06.413+0000] {logging_mixin.py:188} INFO - [2024-08-04T07:15:06.413+0000] {dag.py:3954} INFO - Setting next_dagrun for etl_process to 2024-08-04 00:00:00+00:00, run_after=2024-08-05 00:00:00+00:00
[2024-08-04T07:15:06.433+0000] {processor.py:183} INFO - Processing /opt/airflow/dags/etl_pipeline.py took 0.569 seconds
[2024-08-04T07:15:36.650+0000] {processor.py:161} INFO - Started process (PID=293) to work on /opt/airflow/dags/etl_pipeline.py
[2024-08-04T07:15:36.651+0000] {processor.py:830} INFO - Processing file /opt/airflow/dags/etl_pipeline.py for tasks to queue
[2024-08-04T07:15:36.653+0000] {logging_mixin.py:188} INFO - [2024-08-04T07:15:36.652+0000] {dagbag.py:545} INFO - Filling up the DagBag from /opt/airflow/dags/etl_pipeline.py
[2024-08-04T07:15:37.166+0000] {processor.py:840} INFO - DAG(s) 'etl_process' retrieved from /opt/airflow/dags/etl_pipeline.py
[2024-08-04T07:15:37.193+0000] {logging_mixin.py:188} INFO - [2024-08-04T07:15:37.192+0000] {dag.py:3096} INFO - Sync 1 DAGs
[2024-08-04T07:15:37.211+0000] {logging_mixin.py:188} INFO - [2024-08-04T07:15:37.210+0000] {dag.py:3954} INFO - Setting next_dagrun for etl_process to 2024-08-04 00:00:00+00:00, run_after=2024-08-05 00:00:00+00:00
[2024-08-04T07:15:37.229+0000] {processor.py:183} INFO - Processing /opt/airflow/dags/etl_pipeline.py took 0.583 seconds
[2024-08-04T07:16:07.428+0000] {processor.py:161} INFO - Started process (PID=295) to work on /opt/airflow/dags/etl_pipeline.py
[2024-08-04T07:16:07.428+0000] {processor.py:830} INFO - Processing file /opt/airflow/dags/etl_pipeline.py for tasks to queue
[2024-08-04T07:16:07.430+0000] {logging_mixin.py:188} INFO - [2024-08-04T07:16:07.430+0000] {dagbag.py:545} INFO - Filling up the DagBag from /opt/airflow/dags/etl_pipeline.py
[2024-08-04T07:16:07.925+0000] {processor.py:840} INFO - DAG(s) 'etl_process' retrieved from /opt/airflow/dags/etl_pipeline.py
[2024-08-04T07:16:07.951+0000] {logging_mixin.py:188} INFO - [2024-08-04T07:16:07.950+0000] {dag.py:3096} INFO - Sync 1 DAGs
[2024-08-04T07:16:07.968+0000] {logging_mixin.py:188} INFO - [2024-08-04T07:16:07.968+0000] {dag.py:3954} INFO - Setting next_dagrun for etl_process to 2024-08-04 00:00:00+00:00, run_after=2024-08-05 00:00:00+00:00
[2024-08-04T07:16:07.990+0000] {processor.py:183} INFO - Processing /opt/airflow/dags/etl_pipeline.py took 0.567 seconds
[2024-08-04T07:16:38.201+0000] {processor.py:161} INFO - Started process (PID=297) to work on /opt/airflow/dags/etl_pipeline.py
[2024-08-04T07:16:38.203+0000] {processor.py:830} INFO - Processing file /opt/airflow/dags/etl_pipeline.py for tasks to queue
[2024-08-04T07:16:38.205+0000] {logging_mixin.py:188} INFO - [2024-08-04T07:16:38.204+0000] {dagbag.py:545} INFO - Filling up the DagBag from /opt/airflow/dags/etl_pipeline.py
[2024-08-04T07:16:38.739+0000] {processor.py:840} INFO - DAG(s) 'etl_process' retrieved from /opt/airflow/dags/etl_pipeline.py
[2024-08-04T07:16:38.768+0000] {logging_mixin.py:188} INFO - [2024-08-04T07:16:38.767+0000] {dag.py:3096} INFO - Sync 1 DAGs
[2024-08-04T07:16:38.788+0000] {logging_mixin.py:188} INFO - [2024-08-04T07:16:38.787+0000] {dag.py:3954} INFO - Setting next_dagrun for etl_process to 2024-08-04 00:00:00+00:00, run_after=2024-08-05 00:00:00+00:00
[2024-08-04T07:16:38.809+0000] {processor.py:183} INFO - Processing /opt/airflow/dags/etl_pipeline.py took 0.613 seconds
[2024-08-04T07:17:09.012+0000] {processor.py:161} INFO - Started process (PID=299) to work on /opt/airflow/dags/etl_pipeline.py
[2024-08-04T07:17:09.013+0000] {processor.py:830} INFO - Processing file /opt/airflow/dags/etl_pipeline.py for tasks to queue
[2024-08-04T07:17:09.014+0000] {logging_mixin.py:188} INFO - [2024-08-04T07:17:09.014+0000] {dagbag.py:545} INFO - Filling up the DagBag from /opt/airflow/dags/etl_pipeline.py
[2024-08-04T07:17:09.484+0000] {processor.py:840} INFO - DAG(s) 'etl_process' retrieved from /opt/airflow/dags/etl_pipeline.py
[2024-08-04T07:17:09.509+0000] {logging_mixin.py:188} INFO - [2024-08-04T07:17:09.509+0000] {dag.py:3096} INFO - Sync 1 DAGs
[2024-08-04T07:17:09.531+0000] {logging_mixin.py:188} INFO - [2024-08-04T07:17:09.530+0000] {dag.py:3954} INFO - Setting next_dagrun for etl_process to 2024-08-04 00:00:00+00:00, run_after=2024-08-05 00:00:00+00:00
[2024-08-04T07:17:09.551+0000] {processor.py:183} INFO - Processing /opt/airflow/dags/etl_pipeline.py took 0.543 seconds
[2024-08-04T07:17:39.847+0000] {processor.py:161} INFO - Started process (PID=301) to work on /opt/airflow/dags/etl_pipeline.py
[2024-08-04T07:17:39.847+0000] {processor.py:830} INFO - Processing file /opt/airflow/dags/etl_pipeline.py for tasks to queue
[2024-08-04T07:17:39.849+0000] {logging_mixin.py:188} INFO - [2024-08-04T07:17:39.849+0000] {dagbag.py:545} INFO - Filling up the DagBag from /opt/airflow/dags/etl_pipeline.py
[2024-08-04T07:17:40.342+0000] {processor.py:840} INFO - DAG(s) 'etl_process' retrieved from /opt/airflow/dags/etl_pipeline.py
[2024-08-04T07:17:40.367+0000] {logging_mixin.py:188} INFO - [2024-08-04T07:17:40.367+0000] {dag.py:3096} INFO - Sync 1 DAGs
[2024-08-04T07:17:40.387+0000] {logging_mixin.py:188} INFO - [2024-08-04T07:17:40.387+0000] {dag.py:3954} INFO - Setting next_dagrun for etl_process to 2024-08-04 00:00:00+00:00, run_after=2024-08-05 00:00:00+00:00
[2024-08-04T07:17:40.410+0000] {processor.py:183} INFO - Processing /opt/airflow/dags/etl_pipeline.py took 0.568 seconds
[2024-08-04T07:18:10.611+0000] {processor.py:161} INFO - Started process (PID=303) to work on /opt/airflow/dags/etl_pipeline.py
[2024-08-04T07:18:10.611+0000] {processor.py:830} INFO - Processing file /opt/airflow/dags/etl_pipeline.py for tasks to queue
[2024-08-04T07:18:10.613+0000] {logging_mixin.py:188} INFO - [2024-08-04T07:18:10.613+0000] {dagbag.py:545} INFO - Filling up the DagBag from /opt/airflow/dags/etl_pipeline.py
[2024-08-04T07:18:11.099+0000] {processor.py:840} INFO - DAG(s) 'etl_process' retrieved from /opt/airflow/dags/etl_pipeline.py
[2024-08-04T07:18:11.124+0000] {logging_mixin.py:188} INFO - [2024-08-04T07:18:11.124+0000] {dag.py:3096} INFO - Sync 1 DAGs
[2024-08-04T07:18:11.143+0000] {logging_mixin.py:188} INFO - [2024-08-04T07:18:11.143+0000] {dag.py:3954} INFO - Setting next_dagrun for etl_process to 2024-08-04 00:00:00+00:00, run_after=2024-08-05 00:00:00+00:00
[2024-08-04T07:18:11.164+0000] {processor.py:183} INFO - Processing /opt/airflow/dags/etl_pipeline.py took 0.558 seconds
[2024-08-04T07:18:41.377+0000] {processor.py:161} INFO - Started process (PID=305) to work on /opt/airflow/dags/etl_pipeline.py
[2024-08-04T07:18:41.378+0000] {processor.py:830} INFO - Processing file /opt/airflow/dags/etl_pipeline.py for tasks to queue
[2024-08-04T07:18:41.380+0000] {logging_mixin.py:188} INFO - [2024-08-04T07:18:41.379+0000] {dagbag.py:545} INFO - Filling up the DagBag from /opt/airflow/dags/etl_pipeline.py
[2024-08-04T07:18:41.861+0000] {processor.py:840} INFO - DAG(s) 'etl_process' retrieved from /opt/airflow/dags/etl_pipeline.py
[2024-08-04T07:18:41.888+0000] {logging_mixin.py:188} INFO - [2024-08-04T07:18:41.888+0000] {dag.py:3096} INFO - Sync 1 DAGs
[2024-08-04T07:18:41.906+0000] {logging_mixin.py:188} INFO - [2024-08-04T07:18:41.906+0000] {dag.py:3954} INFO - Setting next_dagrun for etl_process to 2024-08-04 00:00:00+00:00, run_after=2024-08-05 00:00:00+00:00
[2024-08-04T07:18:41.927+0000] {processor.py:183} INFO - Processing /opt/airflow/dags/etl_pipeline.py took 0.554 seconds
[2024-08-04T07:19:12.129+0000] {processor.py:161} INFO - Started process (PID=307) to work on /opt/airflow/dags/etl_pipeline.py
[2024-08-04T07:19:12.130+0000] {processor.py:830} INFO - Processing file /opt/airflow/dags/etl_pipeline.py for tasks to queue
[2024-08-04T07:19:12.131+0000] {logging_mixin.py:188} INFO - [2024-08-04T07:19:12.131+0000] {dagbag.py:545} INFO - Filling up the DagBag from /opt/airflow/dags/etl_pipeline.py
[2024-08-04T07:19:12.608+0000] {processor.py:840} INFO - DAG(s) 'etl_process' retrieved from /opt/airflow/dags/etl_pipeline.py
[2024-08-04T07:19:12.634+0000] {logging_mixin.py:188} INFO - [2024-08-04T07:19:12.633+0000] {dag.py:3096} INFO - Sync 1 DAGs
[2024-08-04T07:19:12.651+0000] {logging_mixin.py:188} INFO - [2024-08-04T07:19:12.650+0000] {dag.py:3954} INFO - Setting next_dagrun for etl_process to 2024-08-04 00:00:00+00:00, run_after=2024-08-05 00:00:00+00:00
[2024-08-04T07:19:12.671+0000] {processor.py:183} INFO - Processing /opt/airflow/dags/etl_pipeline.py took 0.547 seconds
[2024-08-04T07:19:42.894+0000] {processor.py:161} INFO - Started process (PID=309) to work on /opt/airflow/dags/etl_pipeline.py
[2024-08-04T07:19:42.897+0000] {processor.py:830} INFO - Processing file /opt/airflow/dags/etl_pipeline.py for tasks to queue
[2024-08-04T07:19:42.899+0000] {logging_mixin.py:188} INFO - [2024-08-04T07:19:42.898+0000] {dagbag.py:545} INFO - Filling up the DagBag from /opt/airflow/dags/etl_pipeline.py
[2024-08-04T07:19:43.400+0000] {processor.py:840} INFO - DAG(s) 'etl_process' retrieved from /opt/airflow/dags/etl_pipeline.py
[2024-08-04T07:19:43.429+0000] {logging_mixin.py:188} INFO - [2024-08-04T07:19:43.428+0000] {dag.py:3096} INFO - Sync 1 DAGs
[2024-08-04T07:19:43.446+0000] {logging_mixin.py:188} INFO - [2024-08-04T07:19:43.446+0000] {dag.py:3954} INFO - Setting next_dagrun for etl_process to 2024-08-04 00:00:00+00:00, run_after=2024-08-05 00:00:00+00:00
[2024-08-04T07:19:43.468+0000] {processor.py:183} INFO - Processing /opt/airflow/dags/etl_pipeline.py took 0.578 seconds
[2024-08-04T07:20:13.677+0000] {processor.py:161} INFO - Started process (PID=311) to work on /opt/airflow/dags/etl_pipeline.py
[2024-08-04T07:20:13.678+0000] {processor.py:830} INFO - Processing file /opt/airflow/dags/etl_pipeline.py for tasks to queue
[2024-08-04T07:20:13.680+0000] {logging_mixin.py:188} INFO - [2024-08-04T07:20:13.679+0000] {dagbag.py:545} INFO - Filling up the DagBag from /opt/airflow/dags/etl_pipeline.py
[2024-08-04T07:20:14.161+0000] {processor.py:840} INFO - DAG(s) 'etl_process' retrieved from /opt/airflow/dags/etl_pipeline.py
[2024-08-04T07:20:14.187+0000] {logging_mixin.py:188} INFO - [2024-08-04T07:20:14.186+0000] {dag.py:3096} INFO - Sync 1 DAGs
[2024-08-04T07:20:14.207+0000] {logging_mixin.py:188} INFO - [2024-08-04T07:20:14.207+0000] {dag.py:3954} INFO - Setting next_dagrun for etl_process to 2024-08-04 00:00:00+00:00, run_after=2024-08-05 00:00:00+00:00
[2024-08-04T07:20:14.228+0000] {processor.py:183} INFO - Processing /opt/airflow/dags/etl_pipeline.py took 0.556 seconds
[2024-08-04T07:20:44.444+0000] {processor.py:161} INFO - Started process (PID=313) to work on /opt/airflow/dags/etl_pipeline.py
[2024-08-04T07:20:44.445+0000] {processor.py:830} INFO - Processing file /opt/airflow/dags/etl_pipeline.py for tasks to queue
[2024-08-04T07:20:44.447+0000] {logging_mixin.py:188} INFO - [2024-08-04T07:20:44.446+0000] {dagbag.py:545} INFO - Filling up the DagBag from /opt/airflow/dags/etl_pipeline.py
[2024-08-04T07:20:44.930+0000] {processor.py:840} INFO - DAG(s) 'etl_process' retrieved from /opt/airflow/dags/etl_pipeline.py
[2024-08-04T07:20:44.956+0000] {logging_mixin.py:188} INFO - [2024-08-04T07:20:44.955+0000] {dag.py:3096} INFO - Sync 1 DAGs
[2024-08-04T07:20:44.975+0000] {logging_mixin.py:188} INFO - [2024-08-04T07:20:44.974+0000] {dag.py:3954} INFO - Setting next_dagrun for etl_process to 2024-08-04 00:00:00+00:00, run_after=2024-08-05 00:00:00+00:00
[2024-08-04T07:20:44.995+0000] {processor.py:183} INFO - Processing /opt/airflow/dags/etl_pipeline.py took 0.556 seconds
[2024-08-04T07:21:15.187+0000] {processor.py:161} INFO - Started process (PID=315) to work on /opt/airflow/dags/etl_pipeline.py
[2024-08-04T07:21:15.188+0000] {processor.py:830} INFO - Processing file /opt/airflow/dags/etl_pipeline.py for tasks to queue
[2024-08-04T07:21:15.190+0000] {logging_mixin.py:188} INFO - [2024-08-04T07:21:15.190+0000] {dagbag.py:545} INFO - Filling up the DagBag from /opt/airflow/dags/etl_pipeline.py
[2024-08-04T07:21:15.650+0000] {processor.py:840} INFO - DAG(s) 'etl_process' retrieved from /opt/airflow/dags/etl_pipeline.py
[2024-08-04T07:21:15.677+0000] {logging_mixin.py:188} INFO - [2024-08-04T07:21:15.677+0000] {dag.py:3096} INFO - Sync 1 DAGs
[2024-08-04T07:21:15.697+0000] {logging_mixin.py:188} INFO - [2024-08-04T07:21:15.697+0000] {dag.py:3954} INFO - Setting next_dagrun for etl_process to 2024-08-04 00:00:00+00:00, run_after=2024-08-05 00:00:00+00:00
[2024-08-04T07:21:15.719+0000] {processor.py:183} INFO - Processing /opt/airflow/dags/etl_pipeline.py took 0.536 seconds
[2024-08-04T07:21:45.930+0000] {processor.py:161} INFO - Started process (PID=317) to work on /opt/airflow/dags/etl_pipeline.py
[2024-08-04T07:21:45.931+0000] {processor.py:830} INFO - Processing file /opt/airflow/dags/etl_pipeline.py for tasks to queue
[2024-08-04T07:21:45.932+0000] {logging_mixin.py:188} INFO - [2024-08-04T07:21:45.932+0000] {dagbag.py:545} INFO - Filling up the DagBag from /opt/airflow/dags/etl_pipeline.py
[2024-08-04T07:21:46.399+0000] {processor.py:840} INFO - DAG(s) 'etl_process' retrieved from /opt/airflow/dags/etl_pipeline.py
[2024-08-04T07:21:46.430+0000] {logging_mixin.py:188} INFO - [2024-08-04T07:21:46.429+0000] {dag.py:3096} INFO - Sync 1 DAGs
[2024-08-04T07:21:46.452+0000] {logging_mixin.py:188} INFO - [2024-08-04T07:21:46.451+0000] {dag.py:3954} INFO - Setting next_dagrun for etl_process to 2024-08-04 00:00:00+00:00, run_after=2024-08-05 00:00:00+00:00
[2024-08-04T07:21:46.473+0000] {processor.py:183} INFO - Processing /opt/airflow/dags/etl_pipeline.py took 0.548 seconds
[2024-08-04T07:22:16.533+0000] {processor.py:161} INFO - Started process (PID=319) to work on /opt/airflow/dags/etl_pipeline.py
[2024-08-04T07:22:16.534+0000] {processor.py:830} INFO - Processing file /opt/airflow/dags/etl_pipeline.py for tasks to queue
[2024-08-04T07:22:16.536+0000] {logging_mixin.py:188} INFO - [2024-08-04T07:22:16.535+0000] {dagbag.py:545} INFO - Filling up the DagBag from /opt/airflow/dags/etl_pipeline.py
[2024-08-04T07:22:17.023+0000] {processor.py:840} INFO - DAG(s) 'etl_process' retrieved from /opt/airflow/dags/etl_pipeline.py
[2024-08-04T07:22:17.048+0000] {logging_mixin.py:188} INFO - [2024-08-04T07:22:17.048+0000] {dag.py:3096} INFO - Sync 1 DAGs
[2024-08-04T07:22:17.066+0000] {logging_mixin.py:188} INFO - [2024-08-04T07:22:17.066+0000] {dag.py:3954} INFO - Setting next_dagrun for etl_process to 2024-08-04 00:00:00+00:00, run_after=2024-08-05 00:00:00+00:00
[2024-08-04T07:22:17.085+0000] {processor.py:183} INFO - Processing /opt/airflow/dags/etl_pipeline.py took 0.556 seconds
[2024-08-04T07:22:47.290+0000] {processor.py:161} INFO - Started process (PID=321) to work on /opt/airflow/dags/etl_pipeline.py
[2024-08-04T07:22:47.290+0000] {processor.py:830} INFO - Processing file /opt/airflow/dags/etl_pipeline.py for tasks to queue
[2024-08-04T07:22:47.292+0000] {logging_mixin.py:188} INFO - [2024-08-04T07:22:47.292+0000] {dagbag.py:545} INFO - Filling up the DagBag from /opt/airflow/dags/etl_pipeline.py
[2024-08-04T07:22:47.775+0000] {processor.py:840} INFO - DAG(s) 'etl_process' retrieved from /opt/airflow/dags/etl_pipeline.py
[2024-08-04T07:22:47.802+0000] {logging_mixin.py:188} INFO - [2024-08-04T07:22:47.802+0000] {dag.py:3096} INFO - Sync 1 DAGs
[2024-08-04T07:22:47.825+0000] {logging_mixin.py:188} INFO - [2024-08-04T07:22:47.825+0000] {dag.py:3954} INFO - Setting next_dagrun for etl_process to 2024-08-04 00:00:00+00:00, run_after=2024-08-05 00:00:00+00:00
[2024-08-04T07:22:47.846+0000] {processor.py:183} INFO - Processing /opt/airflow/dags/etl_pipeline.py took 0.561 seconds
[2024-08-04T07:23:18.070+0000] {processor.py:161} INFO - Started process (PID=323) to work on /opt/airflow/dags/etl_pipeline.py
[2024-08-04T07:23:18.070+0000] {processor.py:830} INFO - Processing file /opt/airflow/dags/etl_pipeline.py for tasks to queue
[2024-08-04T07:23:18.072+0000] {logging_mixin.py:188} INFO - [2024-08-04T07:23:18.071+0000] {dagbag.py:545} INFO - Filling up the DagBag from /opt/airflow/dags/etl_pipeline.py
[2024-08-04T07:23:18.527+0000] {processor.py:840} INFO - DAG(s) 'etl_process' retrieved from /opt/airflow/dags/etl_pipeline.py
[2024-08-04T07:23:18.551+0000] {logging_mixin.py:188} INFO - [2024-08-04T07:23:18.551+0000] {dag.py:3096} INFO - Sync 1 DAGs
[2024-08-04T07:23:18.570+0000] {logging_mixin.py:188} INFO - [2024-08-04T07:23:18.570+0000] {dag.py:3954} INFO - Setting next_dagrun for etl_process to 2024-08-04 00:00:00+00:00, run_after=2024-08-05 00:00:00+00:00
[2024-08-04T07:23:18.591+0000] {processor.py:183} INFO - Processing /opt/airflow/dags/etl_pipeline.py took 0.526 seconds
[2024-08-04T07:23:48.798+0000] {processor.py:161} INFO - Started process (PID=325) to work on /opt/airflow/dags/etl_pipeline.py
[2024-08-04T07:23:48.799+0000] {processor.py:830} INFO - Processing file /opt/airflow/dags/etl_pipeline.py for tasks to queue
[2024-08-04T07:23:48.802+0000] {logging_mixin.py:188} INFO - [2024-08-04T07:23:48.801+0000] {dagbag.py:545} INFO - Filling up the DagBag from /opt/airflow/dags/etl_pipeline.py
[2024-08-04T07:23:49.267+0000] {processor.py:840} INFO - DAG(s) 'etl_process' retrieved from /opt/airflow/dags/etl_pipeline.py
[2024-08-04T07:23:49.293+0000] {logging_mixin.py:188} INFO - [2024-08-04T07:23:49.293+0000] {dag.py:3096} INFO - Sync 1 DAGs
[2024-08-04T07:23:49.312+0000] {logging_mixin.py:188} INFO - [2024-08-04T07:23:49.312+0000] {dag.py:3954} INFO - Setting next_dagrun for etl_process to 2024-08-04 00:00:00+00:00, run_after=2024-08-05 00:00:00+00:00
[2024-08-04T07:23:49.332+0000] {processor.py:183} INFO - Processing /opt/airflow/dags/etl_pipeline.py took 0.539 seconds
[2024-08-04T07:24:19.543+0000] {processor.py:161} INFO - Started process (PID=327) to work on /opt/airflow/dags/etl_pipeline.py
[2024-08-04T07:24:19.543+0000] {processor.py:830} INFO - Processing file /opt/airflow/dags/etl_pipeline.py for tasks to queue
[2024-08-04T07:24:19.545+0000] {logging_mixin.py:188} INFO - [2024-08-04T07:24:19.545+0000] {dagbag.py:545} INFO - Filling up the DagBag from /opt/airflow/dags/etl_pipeline.py
[2024-08-04T07:24:20.031+0000] {processor.py:840} INFO - DAG(s) 'etl_process' retrieved from /opt/airflow/dags/etl_pipeline.py
[2024-08-04T07:24:20.057+0000] {logging_mixin.py:188} INFO - [2024-08-04T07:24:20.057+0000] {dag.py:3096} INFO - Sync 1 DAGs
[2024-08-04T07:24:20.074+0000] {logging_mixin.py:188} INFO - [2024-08-04T07:24:20.074+0000] {dag.py:3954} INFO - Setting next_dagrun for etl_process to 2024-08-04 00:00:00+00:00, run_after=2024-08-05 00:00:00+00:00
[2024-08-04T07:24:20.097+0000] {processor.py:183} INFO - Processing /opt/airflow/dags/etl_pipeline.py took 0.559 seconds
[2024-08-04T07:24:50.301+0000] {processor.py:161} INFO - Started process (PID=329) to work on /opt/airflow/dags/etl_pipeline.py
[2024-08-04T07:24:50.302+0000] {processor.py:830} INFO - Processing file /opt/airflow/dags/etl_pipeline.py for tasks to queue
[2024-08-04T07:24:50.303+0000] {logging_mixin.py:188} INFO - [2024-08-04T07:24:50.303+0000] {dagbag.py:545} INFO - Filling up the DagBag from /opt/airflow/dags/etl_pipeline.py
[2024-08-04T07:24:50.803+0000] {processor.py:840} INFO - DAG(s) 'etl_process' retrieved from /opt/airflow/dags/etl_pipeline.py
[2024-08-04T07:24:50.829+0000] {logging_mixin.py:188} INFO - [2024-08-04T07:24:50.828+0000] {dag.py:3096} INFO - Sync 1 DAGs
[2024-08-04T07:24:50.847+0000] {logging_mixin.py:188} INFO - [2024-08-04T07:24:50.847+0000] {dag.py:3954} INFO - Setting next_dagrun for etl_process to 2024-08-04 00:00:00+00:00, run_after=2024-08-05 00:00:00+00:00
[2024-08-04T07:24:50.867+0000] {processor.py:183} INFO - Processing /opt/airflow/dags/etl_pipeline.py took 0.572 seconds
[2024-08-04T07:25:21.079+0000] {processor.py:161} INFO - Started process (PID=331) to work on /opt/airflow/dags/etl_pipeline.py
[2024-08-04T07:25:21.079+0000] {processor.py:830} INFO - Processing file /opt/airflow/dags/etl_pipeline.py for tasks to queue
[2024-08-04T07:25:21.081+0000] {logging_mixin.py:188} INFO - [2024-08-04T07:25:21.081+0000] {dagbag.py:545} INFO - Filling up the DagBag from /opt/airflow/dags/etl_pipeline.py
[2024-08-04T07:25:21.556+0000] {processor.py:840} INFO - DAG(s) 'etl_process' retrieved from /opt/airflow/dags/etl_pipeline.py
[2024-08-04T07:25:21.582+0000] {logging_mixin.py:188} INFO - [2024-08-04T07:25:21.582+0000] {dag.py:3096} INFO - Sync 1 DAGs
[2024-08-04T07:25:21.601+0000] {logging_mixin.py:188} INFO - [2024-08-04T07:25:21.600+0000] {dag.py:3954} INFO - Setting next_dagrun for etl_process to 2024-08-04 00:00:00+00:00, run_after=2024-08-05 00:00:00+00:00
[2024-08-04T07:25:21.622+0000] {processor.py:183} INFO - Processing /opt/airflow/dags/etl_pipeline.py took 0.548 seconds
[2024-08-04T07:25:51.819+0000] {processor.py:161} INFO - Started process (PID=333) to work on /opt/airflow/dags/etl_pipeline.py
[2024-08-04T07:25:51.820+0000] {processor.py:830} INFO - Processing file /opt/airflow/dags/etl_pipeline.py for tasks to queue
[2024-08-04T07:25:51.821+0000] {logging_mixin.py:188} INFO - [2024-08-04T07:25:51.821+0000] {dagbag.py:545} INFO - Filling up the DagBag from /opt/airflow/dags/etl_pipeline.py
[2024-08-04T07:25:52.312+0000] {processor.py:840} INFO - DAG(s) 'etl_process' retrieved from /opt/airflow/dags/etl_pipeline.py
[2024-08-04T07:25:52.336+0000] {logging_mixin.py:188} INFO - [2024-08-04T07:25:52.336+0000] {dag.py:3096} INFO - Sync 1 DAGs
[2024-08-04T07:25:52.355+0000] {logging_mixin.py:188} INFO - [2024-08-04T07:25:52.355+0000] {dag.py:3954} INFO - Setting next_dagrun for etl_process to 2024-08-04 00:00:00+00:00, run_after=2024-08-05 00:00:00+00:00
[2024-08-04T07:25:52.375+0000] {processor.py:183} INFO - Processing /opt/airflow/dags/etl_pipeline.py took 0.560 seconds
[2024-08-04T07:26:22.590+0000] {processor.py:161} INFO - Started process (PID=335) to work on /opt/airflow/dags/etl_pipeline.py
[2024-08-04T07:26:22.591+0000] {processor.py:830} INFO - Processing file /opt/airflow/dags/etl_pipeline.py for tasks to queue
[2024-08-04T07:26:22.593+0000] {logging_mixin.py:188} INFO - [2024-08-04T07:26:22.592+0000] {dagbag.py:545} INFO - Filling up the DagBag from /opt/airflow/dags/etl_pipeline.py
[2024-08-04T07:26:23.105+0000] {processor.py:840} INFO - DAG(s) 'etl_process' retrieved from /opt/airflow/dags/etl_pipeline.py
[2024-08-04T07:26:23.133+0000] {logging_mixin.py:188} INFO - [2024-08-04T07:26:23.132+0000] {dag.py:3096} INFO - Sync 1 DAGs
[2024-08-04T07:26:23.155+0000] {logging_mixin.py:188} INFO - [2024-08-04T07:26:23.155+0000] {dag.py:3954} INFO - Setting next_dagrun for etl_process to 2024-08-04 00:00:00+00:00, run_after=2024-08-05 00:00:00+00:00
[2024-08-04T07:26:23.176+0000] {processor.py:183} INFO - Processing /opt/airflow/dags/etl_pipeline.py took 0.591 seconds
[2024-08-04T07:26:53.377+0000] {processor.py:161} INFO - Started process (PID=337) to work on /opt/airflow/dags/etl_pipeline.py
[2024-08-04T07:26:53.378+0000] {processor.py:830} INFO - Processing file /opt/airflow/dags/etl_pipeline.py for tasks to queue
[2024-08-04T07:26:53.380+0000] {logging_mixin.py:188} INFO - [2024-08-04T07:26:53.379+0000] {dagbag.py:545} INFO - Filling up the DagBag from /opt/airflow/dags/etl_pipeline.py
[2024-08-04T07:26:53.846+0000] {processor.py:840} INFO - DAG(s) 'etl_process' retrieved from /opt/airflow/dags/etl_pipeline.py
[2024-08-04T07:26:53.872+0000] {logging_mixin.py:188} INFO - [2024-08-04T07:26:53.872+0000] {dag.py:3096} INFO - Sync 1 DAGs
[2024-08-04T07:26:53.890+0000] {logging_mixin.py:188} INFO - [2024-08-04T07:26:53.889+0000] {dag.py:3954} INFO - Setting next_dagrun for etl_process to 2024-08-04 00:00:00+00:00, run_after=2024-08-05 00:00:00+00:00
[2024-08-04T07:26:53.911+0000] {processor.py:183} INFO - Processing /opt/airflow/dags/etl_pipeline.py took 0.540 seconds
[2024-08-04T07:27:24.118+0000] {processor.py:161} INFO - Started process (PID=339) to work on /opt/airflow/dags/etl_pipeline.py
[2024-08-04T07:27:24.118+0000] {processor.py:830} INFO - Processing file /opt/airflow/dags/etl_pipeline.py for tasks to queue
[2024-08-04T07:27:24.120+0000] {logging_mixin.py:188} INFO - [2024-08-04T07:27:24.119+0000] {dagbag.py:545} INFO - Filling up the DagBag from /opt/airflow/dags/etl_pipeline.py
[2024-08-04T07:27:24.590+0000] {processor.py:840} INFO - DAG(s) 'etl_process' retrieved from /opt/airflow/dags/etl_pipeline.py
[2024-08-04T07:27:24.615+0000] {logging_mixin.py:188} INFO - [2024-08-04T07:27:24.615+0000] {dag.py:3096} INFO - Sync 1 DAGs
[2024-08-04T07:27:24.634+0000] {logging_mixin.py:188} INFO - [2024-08-04T07:27:24.634+0000] {dag.py:3954} INFO - Setting next_dagrun for etl_process to 2024-08-04 00:00:00+00:00, run_after=2024-08-05 00:00:00+00:00
[2024-08-04T07:27:24.657+0000] {processor.py:183} INFO - Processing /opt/airflow/dags/etl_pipeline.py took 0.543 seconds
[2024-08-04T07:27:54.823+0000] {processor.py:161} INFO - Started process (PID=341) to work on /opt/airflow/dags/etl_pipeline.py
[2024-08-04T07:27:54.824+0000] {processor.py:830} INFO - Processing file /opt/airflow/dags/etl_pipeline.py for tasks to queue
[2024-08-04T07:27:54.825+0000] {logging_mixin.py:188} INFO - [2024-08-04T07:27:54.825+0000] {dagbag.py:545} INFO - Filling up the DagBag from /opt/airflow/dags/etl_pipeline.py
[2024-08-04T07:27:55.300+0000] {processor.py:840} INFO - DAG(s) 'etl_process' retrieved from /opt/airflow/dags/etl_pipeline.py
[2024-08-04T07:27:55.327+0000] {logging_mixin.py:188} INFO - [2024-08-04T07:27:55.326+0000] {dag.py:3096} INFO - Sync 1 DAGs
[2024-08-04T07:27:55.346+0000] {logging_mixin.py:188} INFO - [2024-08-04T07:27:55.346+0000] {dag.py:3954} INFO - Setting next_dagrun for etl_process to 2024-08-04 00:00:00+00:00, run_after=2024-08-05 00:00:00+00:00
[2024-08-04T07:27:55.365+0000] {processor.py:183} INFO - Processing /opt/airflow/dags/etl_pipeline.py took 0.546 seconds
[2024-08-04T07:28:25.570+0000] {processor.py:161} INFO - Started process (PID=343) to work on /opt/airflow/dags/etl_pipeline.py
[2024-08-04T07:28:25.570+0000] {processor.py:830} INFO - Processing file /opt/airflow/dags/etl_pipeline.py for tasks to queue
[2024-08-04T07:28:25.572+0000] {logging_mixin.py:188} INFO - [2024-08-04T07:28:25.572+0000] {dagbag.py:545} INFO - Filling up the DagBag from /opt/airflow/dags/etl_pipeline.py
[2024-08-04T07:28:26.038+0000] {processor.py:840} INFO - DAG(s) 'etl_process' retrieved from /opt/airflow/dags/etl_pipeline.py
[2024-08-04T07:28:26.064+0000] {logging_mixin.py:188} INFO - [2024-08-04T07:28:26.063+0000] {dag.py:3096} INFO - Sync 1 DAGs
[2024-08-04T07:28:26.083+0000] {logging_mixin.py:188} INFO - [2024-08-04T07:28:26.083+0000] {dag.py:3954} INFO - Setting next_dagrun for etl_process to 2024-08-04 00:00:00+00:00, run_after=2024-08-05 00:00:00+00:00
[2024-08-04T07:28:26.104+0000] {processor.py:183} INFO - Processing /opt/airflow/dags/etl_pipeline.py took 0.538 seconds
[2024-08-04T07:28:56.180+0000] {processor.py:161} INFO - Started process (PID=345) to work on /opt/airflow/dags/etl_pipeline.py
[2024-08-04T07:28:56.180+0000] {processor.py:830} INFO - Processing file /opt/airflow/dags/etl_pipeline.py for tasks to queue
[2024-08-04T07:28:56.182+0000] {logging_mixin.py:188} INFO - [2024-08-04T07:28:56.182+0000] {dagbag.py:545} INFO - Filling up the DagBag from /opt/airflow/dags/etl_pipeline.py
[2024-08-04T07:28:56.650+0000] {processor.py:840} INFO - DAG(s) 'etl_process' retrieved from /opt/airflow/dags/etl_pipeline.py
[2024-08-04T07:28:56.675+0000] {logging_mixin.py:188} INFO - [2024-08-04T07:28:56.675+0000] {dag.py:3096} INFO - Sync 1 DAGs
[2024-08-04T07:28:56.695+0000] {logging_mixin.py:188} INFO - [2024-08-04T07:28:56.694+0000] {dag.py:3954} INFO - Setting next_dagrun for etl_process to 2024-08-04 00:00:00+00:00, run_after=2024-08-05 00:00:00+00:00
[2024-08-04T07:28:56.722+0000] {processor.py:183} INFO - Processing /opt/airflow/dags/etl_pipeline.py took 0.547 seconds
[2024-08-04T07:29:26.935+0000] {processor.py:161} INFO - Started process (PID=347) to work on /opt/airflow/dags/etl_pipeline.py
[2024-08-04T07:29:26.936+0000] {processor.py:830} INFO - Processing file /opt/airflow/dags/etl_pipeline.py for tasks to queue
[2024-08-04T07:29:26.937+0000] {logging_mixin.py:188} INFO - [2024-08-04T07:29:26.937+0000] {dagbag.py:545} INFO - Filling up the DagBag from /opt/airflow/dags/etl_pipeline.py
[2024-08-04T07:29:27.423+0000] {processor.py:840} INFO - DAG(s) 'etl_process' retrieved from /opt/airflow/dags/etl_pipeline.py
[2024-08-04T07:29:27.449+0000] {logging_mixin.py:188} INFO - [2024-08-04T07:29:27.449+0000] {dag.py:3096} INFO - Sync 1 DAGs
[2024-08-04T07:29:27.467+0000] {logging_mixin.py:188} INFO - [2024-08-04T07:29:27.467+0000] {dag.py:3954} INFO - Setting next_dagrun for etl_process to 2024-08-04 00:00:00+00:00, run_after=2024-08-05 00:00:00+00:00
[2024-08-04T07:29:27.489+0000] {processor.py:183} INFO - Processing /opt/airflow/dags/etl_pipeline.py took 0.559 seconds
[2024-08-04T07:29:57.646+0000] {processor.py:161} INFO - Started process (PID=349) to work on /opt/airflow/dags/etl_pipeline.py
[2024-08-04T07:29:57.646+0000] {processor.py:830} INFO - Processing file /opt/airflow/dags/etl_pipeline.py for tasks to queue
[2024-08-04T07:29:57.648+0000] {logging_mixin.py:188} INFO - [2024-08-04T07:29:57.648+0000] {dagbag.py:545} INFO - Filling up the DagBag from /opt/airflow/dags/etl_pipeline.py
[2024-08-04T07:29:58.168+0000] {processor.py:840} INFO - DAG(s) 'etl_process' retrieved from /opt/airflow/dags/etl_pipeline.py
[2024-08-04T07:29:58.198+0000] {logging_mixin.py:188} INFO - [2024-08-04T07:29:58.198+0000] {dag.py:3096} INFO - Sync 1 DAGs
[2024-08-04T07:29:58.216+0000] {logging_mixin.py:188} INFO - [2024-08-04T07:29:58.215+0000] {dag.py:3954} INFO - Setting next_dagrun for etl_process to 2024-08-04 00:00:00+00:00, run_after=2024-08-05 00:00:00+00:00
[2024-08-04T07:29:58.236+0000] {processor.py:183} INFO - Processing /opt/airflow/dags/etl_pipeline.py took 0.596 seconds
[2024-08-04T07:30:28.457+0000] {processor.py:161} INFO - Started process (PID=351) to work on /opt/airflow/dags/etl_pipeline.py
[2024-08-04T07:30:28.457+0000] {processor.py:830} INFO - Processing file /opt/airflow/dags/etl_pipeline.py for tasks to queue
[2024-08-04T07:30:28.459+0000] {logging_mixin.py:188} INFO - [2024-08-04T07:30:28.459+0000] {dagbag.py:545} INFO - Filling up the DagBag from /opt/airflow/dags/etl_pipeline.py
[2024-08-04T07:30:28.920+0000] {processor.py:840} INFO - DAG(s) 'etl_process' retrieved from /opt/airflow/dags/etl_pipeline.py
[2024-08-04T07:30:28.948+0000] {logging_mixin.py:188} INFO - [2024-08-04T07:30:28.947+0000] {dag.py:3096} INFO - Sync 1 DAGs
[2024-08-04T07:30:28.966+0000] {logging_mixin.py:188} INFO - [2024-08-04T07:30:28.966+0000] {dag.py:3954} INFO - Setting next_dagrun for etl_process to 2024-08-04 00:00:00+00:00, run_after=2024-08-05 00:00:00+00:00
[2024-08-04T07:30:28.988+0000] {processor.py:183} INFO - Processing /opt/airflow/dags/etl_pipeline.py took 0.536 seconds
[2024-08-04T07:30:59.189+0000] {processor.py:161} INFO - Started process (PID=353) to work on /opt/airflow/dags/etl_pipeline.py
[2024-08-04T07:30:59.190+0000] {processor.py:830} INFO - Processing file /opt/airflow/dags/etl_pipeline.py for tasks to queue
[2024-08-04T07:30:59.191+0000] {logging_mixin.py:188} INFO - [2024-08-04T07:30:59.191+0000] {dagbag.py:545} INFO - Filling up the DagBag from /opt/airflow/dags/etl_pipeline.py
[2024-08-04T07:30:59.661+0000] {processor.py:840} INFO - DAG(s) 'etl_process' retrieved from /opt/airflow/dags/etl_pipeline.py
[2024-08-04T07:30:59.685+0000] {logging_mixin.py:188} INFO - [2024-08-04T07:30:59.685+0000] {dag.py:3096} INFO - Sync 1 DAGs
[2024-08-04T07:30:59.704+0000] {logging_mixin.py:188} INFO - [2024-08-04T07:30:59.704+0000] {dag.py:3954} INFO - Setting next_dagrun for etl_process to 2024-08-04 00:00:00+00:00, run_after=2024-08-05 00:00:00+00:00
[2024-08-04T07:30:59.725+0000] {processor.py:183} INFO - Processing /opt/airflow/dags/etl_pipeline.py took 0.541 seconds
[2024-08-04T07:31:29.943+0000] {processor.py:161} INFO - Started process (PID=355) to work on /opt/airflow/dags/etl_pipeline.py
[2024-08-04T07:31:29.943+0000] {processor.py:830} INFO - Processing file /opt/airflow/dags/etl_pipeline.py for tasks to queue
[2024-08-04T07:31:29.946+0000] {logging_mixin.py:188} INFO - [2024-08-04T07:31:29.945+0000] {dagbag.py:545} INFO - Filling up the DagBag from /opt/airflow/dags/etl_pipeline.py
[2024-08-04T07:31:30.434+0000] {processor.py:840} INFO - DAG(s) 'etl_process' retrieved from /opt/airflow/dags/etl_pipeline.py
[2024-08-04T07:31:30.462+0000] {logging_mixin.py:188} INFO - [2024-08-04T07:31:30.461+0000] {dag.py:3096} INFO - Sync 1 DAGs
[2024-08-04T07:31:30.481+0000] {logging_mixin.py:188} INFO - [2024-08-04T07:31:30.481+0000] {dag.py:3954} INFO - Setting next_dagrun for etl_process to 2024-08-04 00:00:00+00:00, run_after=2024-08-05 00:00:00+00:00
[2024-08-04T07:31:30.503+0000] {processor.py:183} INFO - Processing /opt/airflow/dags/etl_pipeline.py took 0.565 seconds
[2024-08-04T07:32:00.699+0000] {processor.py:161} INFO - Started process (PID=357) to work on /opt/airflow/dags/etl_pipeline.py
[2024-08-04T07:32:00.700+0000] {processor.py:830} INFO - Processing file /opt/airflow/dags/etl_pipeline.py for tasks to queue
[2024-08-04T07:32:00.701+0000] {logging_mixin.py:188} INFO - [2024-08-04T07:32:00.701+0000] {dagbag.py:545} INFO - Filling up the DagBag from /opt/airflow/dags/etl_pipeline.py
[2024-08-04T07:32:01.212+0000] {processor.py:840} INFO - DAG(s) 'etl_process' retrieved from /opt/airflow/dags/etl_pipeline.py
[2024-08-04T07:32:01.242+0000] {logging_mixin.py:188} INFO - [2024-08-04T07:32:01.242+0000] {dag.py:3096} INFO - Sync 1 DAGs
[2024-08-04T07:32:01.261+0000] {logging_mixin.py:188} INFO - [2024-08-04T07:32:01.261+0000] {dag.py:3954} INFO - Setting next_dagrun for etl_process to 2024-08-04 00:00:00+00:00, run_after=2024-08-05 00:00:00+00:00
[2024-08-04T07:32:01.283+0000] {processor.py:183} INFO - Processing /opt/airflow/dags/etl_pipeline.py took 0.588 seconds
[2024-08-04T07:32:31.503+0000] {processor.py:161} INFO - Started process (PID=359) to work on /opt/airflow/dags/etl_pipeline.py
[2024-08-04T07:32:31.504+0000] {processor.py:830} INFO - Processing file /opt/airflow/dags/etl_pipeline.py for tasks to queue
[2024-08-04T07:32:31.505+0000] {logging_mixin.py:188} INFO - [2024-08-04T07:32:31.505+0000] {dagbag.py:545} INFO - Filling up the DagBag from /opt/airflow/dags/etl_pipeline.py
[2024-08-04T07:32:31.995+0000] {processor.py:840} INFO - DAG(s) 'etl_process' retrieved from /opt/airflow/dags/etl_pipeline.py
[2024-08-04T07:32:32.022+0000] {logging_mixin.py:188} INFO - [2024-08-04T07:32:32.022+0000] {dag.py:3096} INFO - Sync 1 DAGs
[2024-08-04T07:32:32.040+0000] {logging_mixin.py:188} INFO - [2024-08-04T07:32:32.040+0000] {dag.py:3954} INFO - Setting next_dagrun for etl_process to 2024-08-04 00:00:00+00:00, run_after=2024-08-05 00:00:00+00:00
[2024-08-04T07:32:32.061+0000] {processor.py:183} INFO - Processing /opt/airflow/dags/etl_pipeline.py took 0.563 seconds
[2024-08-04T07:33:02.130+0000] {processor.py:161} INFO - Started process (PID=361) to work on /opt/airflow/dags/etl_pipeline.py
[2024-08-04T07:33:02.131+0000] {processor.py:830} INFO - Processing file /opt/airflow/dags/etl_pipeline.py for tasks to queue
[2024-08-04T07:33:02.132+0000] {logging_mixin.py:188} INFO - [2024-08-04T07:33:02.132+0000] {dagbag.py:545} INFO - Filling up the DagBag from /opt/airflow/dags/etl_pipeline.py
[2024-08-04T07:33:02.610+0000] {processor.py:840} INFO - DAG(s) 'etl_process' retrieved from /opt/airflow/dags/etl_pipeline.py
[2024-08-04T07:33:02.636+0000] {logging_mixin.py:188} INFO - [2024-08-04T07:33:02.636+0000] {dag.py:3096} INFO - Sync 1 DAGs
[2024-08-04T07:33:02.655+0000] {logging_mixin.py:188} INFO - [2024-08-04T07:33:02.655+0000] {dag.py:3954} INFO - Setting next_dagrun for etl_process to 2024-08-04 00:00:00+00:00, run_after=2024-08-05 00:00:00+00:00
[2024-08-04T07:33:02.675+0000] {processor.py:183} INFO - Processing /opt/airflow/dags/etl_pipeline.py took 0.549 seconds
[2024-08-04T07:33:32.897+0000] {processor.py:161} INFO - Started process (PID=363) to work on /opt/airflow/dags/etl_pipeline.py
[2024-08-04T07:33:32.898+0000] {processor.py:830} INFO - Processing file /opt/airflow/dags/etl_pipeline.py for tasks to queue
[2024-08-04T07:33:32.900+0000] {logging_mixin.py:188} INFO - [2024-08-04T07:33:32.899+0000] {dagbag.py:545} INFO - Filling up the DagBag from /opt/airflow/dags/etl_pipeline.py
[2024-08-04T07:33:33.376+0000] {processor.py:840} INFO - DAG(s) 'etl_process' retrieved from /opt/airflow/dags/etl_pipeline.py
[2024-08-04T07:33:33.403+0000] {logging_mixin.py:188} INFO - [2024-08-04T07:33:33.402+0000] {dag.py:3096} INFO - Sync 1 DAGs
[2024-08-04T07:33:33.422+0000] {logging_mixin.py:188} INFO - [2024-08-04T07:33:33.422+0000] {dag.py:3954} INFO - Setting next_dagrun for etl_process to 2024-08-04 00:00:00+00:00, run_after=2024-08-05 00:00:00+00:00
[2024-08-04T07:33:33.443+0000] {processor.py:183} INFO - Processing /opt/airflow/dags/etl_pipeline.py took 0.550 seconds
[2024-08-04T07:34:03.613+0000] {processor.py:161} INFO - Started process (PID=365) to work on /opt/airflow/dags/etl_pipeline.py
[2024-08-04T07:34:03.614+0000] {processor.py:830} INFO - Processing file /opt/airflow/dags/etl_pipeline.py for tasks to queue
[2024-08-04T07:34:03.616+0000] {logging_mixin.py:188} INFO - [2024-08-04T07:34:03.615+0000] {dagbag.py:545} INFO - Filling up the DagBag from /opt/airflow/dags/etl_pipeline.py
[2024-08-04T07:34:04.110+0000] {processor.py:840} INFO - DAG(s) 'etl_process' retrieved from /opt/airflow/dags/etl_pipeline.py
[2024-08-04T07:34:04.137+0000] {logging_mixin.py:188} INFO - [2024-08-04T07:34:04.137+0000] {dag.py:3096} INFO - Sync 1 DAGs
[2024-08-04T07:34:04.158+0000] {logging_mixin.py:188} INFO - [2024-08-04T07:34:04.158+0000] {dag.py:3954} INFO - Setting next_dagrun for etl_process to 2024-08-04 00:00:00+00:00, run_after=2024-08-05 00:00:00+00:00
[2024-08-04T07:34:04.179+0000] {processor.py:183} INFO - Processing /opt/airflow/dags/etl_pipeline.py took 0.571 seconds
[2024-08-04T07:34:34.402+0000] {processor.py:161} INFO - Started process (PID=367) to work on /opt/airflow/dags/etl_pipeline.py
[2024-08-04T07:34:34.403+0000] {processor.py:830} INFO - Processing file /opt/airflow/dags/etl_pipeline.py for tasks to queue
[2024-08-04T07:34:34.405+0000] {logging_mixin.py:188} INFO - [2024-08-04T07:34:34.405+0000] {dagbag.py:545} INFO - Filling up the DagBag from /opt/airflow/dags/etl_pipeline.py
[2024-08-04T07:34:34.999+0000] {processor.py:840} INFO - DAG(s) 'etl_process' retrieved from /opt/airflow/dags/etl_pipeline.py
[2024-08-04T07:34:35.027+0000] {logging_mixin.py:188} INFO - [2024-08-04T07:34:35.027+0000] {dag.py:3096} INFO - Sync 1 DAGs
[2024-08-04T07:34:35.048+0000] {logging_mixin.py:188} INFO - [2024-08-04T07:34:35.048+0000] {dag.py:3954} INFO - Setting next_dagrun for etl_process to 2024-08-04 00:00:00+00:00, run_after=2024-08-05 00:00:00+00:00
[2024-08-04T07:34:35.070+0000] {processor.py:183} INFO - Processing /opt/airflow/dags/etl_pipeline.py took 0.674 seconds
[2024-08-04T07:35:05.268+0000] {processor.py:161} INFO - Started process (PID=369) to work on /opt/airflow/dags/etl_pipeline.py
[2024-08-04T07:35:05.269+0000] {processor.py:830} INFO - Processing file /opt/airflow/dags/etl_pipeline.py for tasks to queue
[2024-08-04T07:35:05.271+0000] {logging_mixin.py:188} INFO - [2024-08-04T07:35:05.271+0000] {dagbag.py:545} INFO - Filling up the DagBag from /opt/airflow/dags/etl_pipeline.py
[2024-08-04T07:35:05.844+0000] {processor.py:840} INFO - DAG(s) 'etl_process' retrieved from /opt/airflow/dags/etl_pipeline.py
[2024-08-04T07:35:05.875+0000] {logging_mixin.py:188} INFO - [2024-08-04T07:35:05.875+0000] {dag.py:3096} INFO - Sync 1 DAGs
[2024-08-04T07:35:05.894+0000] {logging_mixin.py:188} INFO - [2024-08-04T07:35:05.894+0000] {dag.py:3954} INFO - Setting next_dagrun for etl_process to 2024-08-04 00:00:00+00:00, run_after=2024-08-05 00:00:00+00:00
[2024-08-04T07:35:05.915+0000] {processor.py:183} INFO - Processing /opt/airflow/dags/etl_pipeline.py took 0.652 seconds
[2024-08-04T07:35:36.138+0000] {processor.py:161} INFO - Started process (PID=371) to work on /opt/airflow/dags/etl_pipeline.py
[2024-08-04T07:35:36.138+0000] {processor.py:830} INFO - Processing file /opt/airflow/dags/etl_pipeline.py for tasks to queue
[2024-08-04T07:35:36.140+0000] {logging_mixin.py:188} INFO - [2024-08-04T07:35:36.140+0000] {dagbag.py:545} INFO - Filling up the DagBag from /opt/airflow/dags/etl_pipeline.py
[2024-08-04T07:35:36.663+0000] {processor.py:840} INFO - DAG(s) 'etl_process' retrieved from /opt/airflow/dags/etl_pipeline.py
[2024-08-04T07:35:36.687+0000] {logging_mixin.py:188} INFO - [2024-08-04T07:35:36.687+0000] {dag.py:3096} INFO - Sync 1 DAGs
[2024-08-04T07:35:36.705+0000] {logging_mixin.py:188} INFO - [2024-08-04T07:35:36.705+0000] {dag.py:3954} INFO - Setting next_dagrun for etl_process to 2024-08-04 00:00:00+00:00, run_after=2024-08-05 00:00:00+00:00
[2024-08-04T07:35:36.726+0000] {processor.py:183} INFO - Processing /opt/airflow/dags/etl_pipeline.py took 0.595 seconds
[2024-08-04T07:36:06.927+0000] {processor.py:161} INFO - Started process (PID=373) to work on /opt/airflow/dags/etl_pipeline.py
[2024-08-04T07:36:06.928+0000] {processor.py:830} INFO - Processing file /opt/airflow/dags/etl_pipeline.py for tasks to queue
[2024-08-04T07:36:06.930+0000] {logging_mixin.py:188} INFO - [2024-08-04T07:36:06.930+0000] {dagbag.py:545} INFO - Filling up the DagBag from /opt/airflow/dags/etl_pipeline.py
[2024-08-04T07:36:07.473+0000] {processor.py:840} INFO - DAG(s) 'etl_process' retrieved from /opt/airflow/dags/etl_pipeline.py
[2024-08-04T07:36:07.503+0000] {logging_mixin.py:188} INFO - [2024-08-04T07:36:07.502+0000] {dag.py:3096} INFO - Sync 1 DAGs
[2024-08-04T07:36:07.526+0000] {logging_mixin.py:188} INFO - [2024-08-04T07:36:07.526+0000] {dag.py:3954} INFO - Setting next_dagrun for etl_process to 2024-08-04 00:00:00+00:00, run_after=2024-08-05 00:00:00+00:00
[2024-08-04T07:36:07.548+0000] {processor.py:183} INFO - Processing /opt/airflow/dags/etl_pipeline.py took 0.626 seconds
[2024-08-04T07:36:37.769+0000] {processor.py:161} INFO - Started process (PID=375) to work on /opt/airflow/dags/etl_pipeline.py
[2024-08-04T07:36:37.770+0000] {processor.py:830} INFO - Processing file /opt/airflow/dags/etl_pipeline.py for tasks to queue
[2024-08-04T07:36:37.771+0000] {logging_mixin.py:188} INFO - [2024-08-04T07:36:37.771+0000] {dagbag.py:545} INFO - Filling up the DagBag from /opt/airflow/dags/etl_pipeline.py
[2024-08-04T07:36:38.305+0000] {processor.py:840} INFO - DAG(s) 'etl_process' retrieved from /opt/airflow/dags/etl_pipeline.py
[2024-08-04T07:36:38.331+0000] {logging_mixin.py:188} INFO - [2024-08-04T07:36:38.331+0000] {dag.py:3096} INFO - Sync 1 DAGs
[2024-08-04T07:36:38.352+0000] {logging_mixin.py:188} INFO - [2024-08-04T07:36:38.352+0000] {dag.py:3954} INFO - Setting next_dagrun for etl_process to 2024-08-04 00:00:00+00:00, run_after=2024-08-05 00:00:00+00:00
[2024-08-04T07:36:38.374+0000] {processor.py:183} INFO - Processing /opt/airflow/dags/etl_pipeline.py took 0.611 seconds
[2024-08-04T07:37:08.584+0000] {processor.py:161} INFO - Started process (PID=377) to work on /opt/airflow/dags/etl_pipeline.py
[2024-08-04T07:37:08.585+0000] {processor.py:830} INFO - Processing file /opt/airflow/dags/etl_pipeline.py for tasks to queue
[2024-08-04T07:37:08.587+0000] {logging_mixin.py:188} INFO - [2024-08-04T07:37:08.586+0000] {dagbag.py:545} INFO - Filling up the DagBag from /opt/airflow/dags/etl_pipeline.py
[2024-08-04T07:37:09.090+0000] {processor.py:840} INFO - DAG(s) 'etl_process' retrieved from /opt/airflow/dags/etl_pipeline.py
[2024-08-04T07:37:09.118+0000] {logging_mixin.py:188} INFO - [2024-08-04T07:37:09.118+0000] {dag.py:3096} INFO - Sync 1 DAGs
[2024-08-04T07:37:09.139+0000] {logging_mixin.py:188} INFO - [2024-08-04T07:37:09.139+0000] {dag.py:3954} INFO - Setting next_dagrun for etl_process to 2024-08-04 00:00:00+00:00, run_after=2024-08-05 00:00:00+00:00
[2024-08-04T07:37:09.161+0000] {processor.py:183} INFO - Processing /opt/airflow/dags/etl_pipeline.py took 0.582 seconds
[2024-08-04T07:37:39.455+0000] {processor.py:161} INFO - Started process (PID=379) to work on /opt/airflow/dags/etl_pipeline.py
[2024-08-04T07:37:39.456+0000] {processor.py:830} INFO - Processing file /opt/airflow/dags/etl_pipeline.py for tasks to queue
[2024-08-04T07:37:39.458+0000] {logging_mixin.py:188} INFO - [2024-08-04T07:37:39.458+0000] {dagbag.py:545} INFO - Filling up the DagBag from /opt/airflow/dags/etl_pipeline.py
[2024-08-04T07:37:39.981+0000] {processor.py:840} INFO - DAG(s) 'etl_process' retrieved from /opt/airflow/dags/etl_pipeline.py
[2024-08-04T07:37:40.013+0000] {logging_mixin.py:188} INFO - [2024-08-04T07:37:40.012+0000] {dag.py:3096} INFO - Sync 1 DAGs
[2024-08-04T07:37:40.033+0000] {logging_mixin.py:188} INFO - [2024-08-04T07:37:40.033+0000] {dag.py:3954} INFO - Setting next_dagrun for etl_process to 2024-08-04 00:00:00+00:00, run_after=2024-08-05 00:00:00+00:00
[2024-08-04T07:37:40.054+0000] {processor.py:183} INFO - Processing /opt/airflow/dags/etl_pipeline.py took 0.605 seconds
[2024-08-04T07:38:10.252+0000] {processor.py:161} INFO - Started process (PID=381) to work on /opt/airflow/dags/etl_pipeline.py
[2024-08-04T07:38:10.253+0000] {processor.py:830} INFO - Processing file /opt/airflow/dags/etl_pipeline.py for tasks to queue
[2024-08-04T07:38:10.255+0000] {logging_mixin.py:188} INFO - [2024-08-04T07:38:10.254+0000] {dagbag.py:545} INFO - Filling up the DagBag from /opt/airflow/dags/etl_pipeline.py
[2024-08-04T07:38:10.779+0000] {processor.py:840} INFO - DAG(s) 'etl_process' retrieved from /opt/airflow/dags/etl_pipeline.py
[2024-08-04T07:38:10.805+0000] {logging_mixin.py:188} INFO - [2024-08-04T07:38:10.805+0000] {dag.py:3096} INFO - Sync 1 DAGs
[2024-08-04T07:38:10.824+0000] {logging_mixin.py:188} INFO - [2024-08-04T07:38:10.823+0000] {dag.py:3954} INFO - Setting next_dagrun for etl_process to 2024-08-04 00:00:00+00:00, run_after=2024-08-05 00:00:00+00:00
[2024-08-04T07:38:10.847+0000] {processor.py:183} INFO - Processing /opt/airflow/dags/etl_pipeline.py took 0.599 seconds
[2024-08-04T07:38:41.074+0000] {processor.py:161} INFO - Started process (PID=383) to work on /opt/airflow/dags/etl_pipeline.py
[2024-08-04T07:38:41.075+0000] {processor.py:830} INFO - Processing file /opt/airflow/dags/etl_pipeline.py for tasks to queue
[2024-08-04T07:38:41.077+0000] {logging_mixin.py:188} INFO - [2024-08-04T07:38:41.077+0000] {dagbag.py:545} INFO - Filling up the DagBag from /opt/airflow/dags/etl_pipeline.py
[2024-08-04T07:38:41.658+0000] {processor.py:840} INFO - DAG(s) 'etl_process' retrieved from /opt/airflow/dags/etl_pipeline.py
[2024-08-04T07:38:41.689+0000] {logging_mixin.py:188} INFO - [2024-08-04T07:38:41.688+0000] {dag.py:3096} INFO - Sync 1 DAGs
[2024-08-04T07:38:41.708+0000] {logging_mixin.py:188} INFO - [2024-08-04T07:38:41.708+0000] {dag.py:3954} INFO - Setting next_dagrun for etl_process to 2024-08-04 00:00:00+00:00, run_after=2024-08-05 00:00:00+00:00
[2024-08-04T07:38:41.733+0000] {processor.py:183} INFO - Processing /opt/airflow/dags/etl_pipeline.py took 0.664 seconds
[2024-08-04T07:39:11.940+0000] {processor.py:161} INFO - Started process (PID=385) to work on /opt/airflow/dags/etl_pipeline.py
[2024-08-04T07:39:11.941+0000] {processor.py:830} INFO - Processing file /opt/airflow/dags/etl_pipeline.py for tasks to queue
[2024-08-04T07:39:11.943+0000] {logging_mixin.py:188} INFO - [2024-08-04T07:39:11.942+0000] {dagbag.py:545} INFO - Filling up the DagBag from /opt/airflow/dags/etl_pipeline.py
[2024-08-04T07:39:12.447+0000] {processor.py:840} INFO - DAG(s) 'etl_process' retrieved from /opt/airflow/dags/etl_pipeline.py
[2024-08-04T07:39:12.474+0000] {logging_mixin.py:188} INFO - [2024-08-04T07:39:12.474+0000] {dag.py:3096} INFO - Sync 1 DAGs
[2024-08-04T07:39:12.493+0000] {logging_mixin.py:188} INFO - [2024-08-04T07:39:12.492+0000] {dag.py:3954} INFO - Setting next_dagrun for etl_process to 2024-08-04 00:00:00+00:00, run_after=2024-08-05 00:00:00+00:00
[2024-08-04T07:39:12.515+0000] {processor.py:183} INFO - Processing /opt/airflow/dags/etl_pipeline.py took 0.580 seconds
[2024-08-04T07:39:42.728+0000] {processor.py:161} INFO - Started process (PID=387) to work on /opt/airflow/dags/etl_pipeline.py
[2024-08-04T07:39:42.729+0000] {processor.py:830} INFO - Processing file /opt/airflow/dags/etl_pipeline.py for tasks to queue
[2024-08-04T07:39:42.731+0000] {logging_mixin.py:188} INFO - [2024-08-04T07:39:42.730+0000] {dagbag.py:545} INFO - Filling up the DagBag from /opt/airflow/dags/etl_pipeline.py
[2024-08-04T07:39:43.269+0000] {processor.py:840} INFO - DAG(s) 'etl_process' retrieved from /opt/airflow/dags/etl_pipeline.py
[2024-08-04T07:39:43.297+0000] {logging_mixin.py:188} INFO - [2024-08-04T07:39:43.296+0000] {dag.py:3096} INFO - Sync 1 DAGs
[2024-08-04T07:39:43.322+0000] {logging_mixin.py:188} INFO - [2024-08-04T07:39:43.321+0000] {dag.py:3954} INFO - Setting next_dagrun for etl_process to 2024-08-04 00:00:00+00:00, run_after=2024-08-05 00:00:00+00:00
[2024-08-04T07:39:43.342+0000] {processor.py:183} INFO - Processing /opt/airflow/dags/etl_pipeline.py took 0.619 seconds
[2024-08-04T07:40:13.545+0000] {processor.py:161} INFO - Started process (PID=389) to work on /opt/airflow/dags/etl_pipeline.py
[2024-08-04T07:40:13.546+0000] {processor.py:830} INFO - Processing file /opt/airflow/dags/etl_pipeline.py for tasks to queue
[2024-08-04T07:40:13.549+0000] {logging_mixin.py:188} INFO - [2024-08-04T07:40:13.548+0000] {dagbag.py:545} INFO - Filling up the DagBag from /opt/airflow/dags/etl_pipeline.py
[2024-08-04T07:40:14.070+0000] {processor.py:840} INFO - DAG(s) 'etl_process' retrieved from /opt/airflow/dags/etl_pipeline.py
[2024-08-04T07:40:14.101+0000] {logging_mixin.py:188} INFO - [2024-08-04T07:40:14.100+0000] {dag.py:3096} INFO - Sync 1 DAGs
[2024-08-04T07:40:14.119+0000] {logging_mixin.py:188} INFO - [2024-08-04T07:40:14.119+0000] {dag.py:3954} INFO - Setting next_dagrun for etl_process to 2024-08-04 00:00:00+00:00, run_after=2024-08-05 00:00:00+00:00
[2024-08-04T07:40:14.140+0000] {processor.py:183} INFO - Processing /opt/airflow/dags/etl_pipeline.py took 0.600 seconds
[2024-08-04T07:40:44.359+0000] {processor.py:161} INFO - Started process (PID=391) to work on /opt/airflow/dags/etl_pipeline.py
[2024-08-04T07:40:44.360+0000] {processor.py:830} INFO - Processing file /opt/airflow/dags/etl_pipeline.py for tasks to queue
[2024-08-04T07:40:44.363+0000] {logging_mixin.py:188} INFO - [2024-08-04T07:40:44.362+0000] {dagbag.py:545} INFO - Filling up the DagBag from /opt/airflow/dags/etl_pipeline.py
[2024-08-04T07:40:44.861+0000] {processor.py:840} INFO - DAG(s) 'etl_process' retrieved from /opt/airflow/dags/etl_pipeline.py
[2024-08-04T07:40:44.886+0000] {logging_mixin.py:188} INFO - [2024-08-04T07:40:44.886+0000] {dag.py:3096} INFO - Sync 1 DAGs
[2024-08-04T07:40:44.905+0000] {logging_mixin.py:188} INFO - [2024-08-04T07:40:44.905+0000] {dag.py:3954} INFO - Setting next_dagrun for etl_process to 2024-08-04 00:00:00+00:00, run_after=2024-08-05 00:00:00+00:00
[2024-08-04T07:40:44.924+0000] {processor.py:183} INFO - Processing /opt/airflow/dags/etl_pipeline.py took 0.572 seconds
[2024-08-04T07:41:15.119+0000] {processor.py:161} INFO - Started process (PID=393) to work on /opt/airflow/dags/etl_pipeline.py
[2024-08-04T07:41:15.120+0000] {processor.py:830} INFO - Processing file /opt/airflow/dags/etl_pipeline.py for tasks to queue
[2024-08-04T07:41:15.122+0000] {logging_mixin.py:188} INFO - [2024-08-04T07:41:15.122+0000] {dagbag.py:545} INFO - Filling up the DagBag from /opt/airflow/dags/etl_pipeline.py
[2024-08-04T07:41:15.664+0000] {processor.py:840} INFO - DAG(s) 'etl_process' retrieved from /opt/airflow/dags/etl_pipeline.py
[2024-08-04T07:41:15.694+0000] {logging_mixin.py:188} INFO - [2024-08-04T07:41:15.694+0000] {dag.py:3096} INFO - Sync 1 DAGs
[2024-08-04T07:41:15.718+0000] {logging_mixin.py:188} INFO - [2024-08-04T07:41:15.717+0000] {dag.py:3954} INFO - Setting next_dagrun for etl_process to 2024-08-04 00:00:00+00:00, run_after=2024-08-05 00:00:00+00:00
[2024-08-04T07:41:15.738+0000] {processor.py:183} INFO - Processing /opt/airflow/dags/etl_pipeline.py took 0.624 seconds
[2024-08-04T07:41:45.951+0000] {processor.py:161} INFO - Started process (PID=395) to work on /opt/airflow/dags/etl_pipeline.py
[2024-08-04T07:41:45.951+0000] {processor.py:830} INFO - Processing file /opt/airflow/dags/etl_pipeline.py for tasks to queue
[2024-08-04T07:41:45.953+0000] {logging_mixin.py:188} INFO - [2024-08-04T07:41:45.953+0000] {dagbag.py:545} INFO - Filling up the DagBag from /opt/airflow/dags/etl_pipeline.py
[2024-08-04T07:41:46.457+0000] {processor.py:840} INFO - DAG(s) 'etl_process' retrieved from /opt/airflow/dags/etl_pipeline.py
[2024-08-04T07:41:46.489+0000] {logging_mixin.py:188} INFO - [2024-08-04T07:41:46.489+0000] {dag.py:3096} INFO - Sync 1 DAGs
[2024-08-04T07:41:46.508+0000] {logging_mixin.py:188} INFO - [2024-08-04T07:41:46.507+0000] {dag.py:3954} INFO - Setting next_dagrun for etl_process to 2024-08-04 00:00:00+00:00, run_after=2024-08-05 00:00:00+00:00
[2024-08-04T07:41:46.525+0000] {processor.py:183} INFO - Processing /opt/airflow/dags/etl_pipeline.py took 0.579 seconds
[2024-08-04T07:42:16.729+0000] {processor.py:161} INFO - Started process (PID=397) to work on /opt/airflow/dags/etl_pipeline.py
[2024-08-04T07:42:16.729+0000] {processor.py:830} INFO - Processing file /opt/airflow/dags/etl_pipeline.py for tasks to queue
[2024-08-04T07:42:16.731+0000] {logging_mixin.py:188} INFO - [2024-08-04T07:42:16.731+0000] {dagbag.py:545} INFO - Filling up the DagBag from /opt/airflow/dags/etl_pipeline.py
[2024-08-04T07:42:17.248+0000] {processor.py:840} INFO - DAG(s) 'etl_process' retrieved from /opt/airflow/dags/etl_pipeline.py
[2024-08-04T07:42:17.274+0000] {logging_mixin.py:188} INFO - [2024-08-04T07:42:17.273+0000] {dag.py:3096} INFO - Sync 1 DAGs
[2024-08-04T07:42:17.293+0000] {logging_mixin.py:188} INFO - [2024-08-04T07:42:17.293+0000] {dag.py:3954} INFO - Setting next_dagrun for etl_process to 2024-08-04 00:00:00+00:00, run_after=2024-08-05 00:00:00+00:00
[2024-08-04T07:42:17.314+0000] {processor.py:183} INFO - Processing /opt/airflow/dags/etl_pipeline.py took 0.590 seconds
