[2024-08-04T06:58:59.759+0000] {local_task_job_runner.py:120} INFO - ::group::Pre task execution logs
[2024-08-04T06:58:59.796+0000] {taskinstance.py:2076} INFO - Dependencies all met for dep_context=non-requeueable deps ti=<TaskInstance: etl_process.etl_process.merge_data scheduled__2024-08-03T00:00:00+00:00 [queued]>
[2024-08-04T06:58:59.810+0000] {taskinstance.py:2076} INFO - Dependencies all met for dep_context=requeueable deps ti=<TaskInstance: etl_process.etl_process.merge_data scheduled__2024-08-03T00:00:00+00:00 [queued]>
[2024-08-04T06:58:59.811+0000] {taskinstance.py:2306} INFO - Starting attempt 1 of 2
[2024-08-04T06:58:59.827+0000] {taskinstance.py:2330} INFO - Executing <Task(PythonOperator): etl_process.merge_data> on 2024-08-03 00:00:00+00:00
[2024-08-04T06:58:59.836+0000] {standard_task_runner.py:90} INFO - Running: ['***', 'tasks', 'run', 'etl_process', 'etl_process.merge_data', 'scheduled__2024-08-03T00:00:00+00:00', '--job-id', '5', '--raw', '--subdir', 'DAGS_FOLDER/etl_pipeline.py', '--cfg-path', '/tmp/tmp50r3ggd8']
[2024-08-04T06:58:59.840+0000] {standard_task_runner.py:91} INFO - Job 5: Subtask etl_process.merge_data
[2024-08-04T06:58:59.842+0000] {logging_mixin.py:188} WARNING - /home/***/.local/lib/python3.12/site-packages/***/task/task_runner/standard_task_runner.py:61 DeprecationWarning: This process (pid=93) is multi-threaded, use of fork() may lead to deadlocks in the child.
[2024-08-04T06:58:59.843+0000] {standard_task_runner.py:63} INFO - Started process 110 to run task
[2024-08-04T06:58:59.903+0000] {task_command.py:426} INFO - Running <TaskInstance: etl_process.etl_process.merge_data scheduled__2024-08-03T00:00:00+00:00 [running]> on host 28819dc9564a
[2024-08-04T06:58:59.990+0000] {taskinstance.py:2648} INFO - Exporting env vars: AIRFLOW_CTX_DAG_OWNER='ztamnaja' AIRFLOW_CTX_DAG_ID='etl_process' AIRFLOW_CTX_TASK_ID='etl_process.merge_data' AIRFLOW_CTX_EXECUTION_DATE='2024-08-03T00:00:00+00:00' AIRFLOW_CTX_TRY_NUMBER='1' AIRFLOW_CTX_DAG_RUN_ID='scheduled__2024-08-03T00:00:00+00:00'
[2024-08-04T06:58:59.991+0000] {taskinstance.py:430} INFO - ::endgroup::
[2024-08-04T06:59:00.113+0000] {logging_mixin.py:188} INFO - Product DataFrame:
[2024-08-04T06:59:00.122+0000] {logging_mixin.py:188} INFO -   product_id product_name    category  price
1       P002    Product 2  Category B  200.0
2       P003    Product 3  Category A  150.0
5       P001    Product 1  Category A  100.0
[2024-08-04T06:59:00.123+0000] {logging_mixin.py:188} INFO - 
Transaction DataFrame:
[2024-08-04T06:59:00.133+0000] {logging_mixin.py:188} INFO -                          transaction_id customer_id  ...  price           timestamp
0  b1182d23-5bf8-4676-9f12-a0e912011caa        C001  ...  150.0 2024-02-04 13:06:35
1  3b019fcb-f96d-4403-948c-93f3028d042b        C003  ...  100.0 2024-06-22 11:42:33
2  346d2b7e-00d3-41af-b53e-0c8624aeba79        C001  ...  100.0 2024-03-12 16:16:16
3  9ad7558f-eecb-425b-864f-768db080e003        C002  ...  200.0 2024-03-29 04:01:02
4  b51d70d8-582d-4972-ba08-9ca81cc5a8a0        C003  ...  200.0 2024-02-10 09:54:36

[5 rows x 6 columns]
[2024-08-04T06:59:00.143+0000] {python.py:237} INFO - Done. Returned value was:                          transaction_id customer_id  ... product_name    category
0  b1182d23-5bf8-4676-9f12-a0e912011caa        C001  ...    Product 3  Category A
1  3b019fcb-f96d-4403-948c-93f3028d042b        C003  ...    Product 1  Category A
2  346d2b7e-00d3-41af-b53e-0c8624aeba79        C001  ...    Product 1  Category A
3  9ad7558f-eecb-425b-864f-768db080e003        C002  ...    Product 2  Category B
4  b51d70d8-582d-4972-ba08-9ca81cc5a8a0        C003  ...    Product 2  Category B

[5 rows x 8 columns]
[2024-08-04T06:59:00.151+0000] {taskinstance.py:441} INFO - ::group::Post task execution logs
[2024-08-04T06:59:00.181+0000] {taskinstance.py:1206} INFO - Marking task as SUCCESS. dag_id=etl_process, task_id=etl_process.merge_data, run_id=scheduled__2024-08-03T00:00:00+00:00, execution_date=20240803T000000, start_date=20240804T065859, end_date=20240804T065900
[2024-08-04T06:59:00.219+0000] {local_task_job_runner.py:240} INFO - Task exited with return code 0
[2024-08-04T06:59:00.247+0000] {taskinstance.py:3503} INFO - 2 downstream tasks scheduled from follow-on schedule check
[2024-08-04T06:59:00.250+0000] {local_task_job_runner.py:222} INFO - ::endgroup::
