[2024-08-04T06:58:51.146+0000] {local_task_job_runner.py:120} INFO - ::group::Pre task execution logs
[2024-08-04T06:58:51.192+0000] {taskinstance.py:2076} INFO - Dependencies all met for dep_context=non-requeueable deps ti=<TaskInstance: etl_process.etl_process.load_and_clean_product scheduled__2024-08-03T00:00:00+00:00 [queued]>
[2024-08-04T06:58:51.207+0000] {taskinstance.py:2076} INFO - Dependencies all met for dep_context=requeueable deps ti=<TaskInstance: etl_process.etl_process.load_and_clean_product scheduled__2024-08-03T00:00:00+00:00 [queued]>
[2024-08-04T06:58:51.207+0000] {taskinstance.py:2306} INFO - Starting attempt 1 of 2
[2024-08-04T06:58:51.228+0000] {taskinstance.py:2330} INFO - Executing <Task(PythonOperator): etl_process.load_and_clean_product> on 2024-08-03 00:00:00+00:00
[2024-08-04T06:58:51.238+0000] {standard_task_runner.py:90} INFO - Running: ['***', 'tasks', 'run', 'etl_process', 'etl_process.load_and_clean_product', 'scheduled__2024-08-03T00:00:00+00:00', '--job-id', '3', '--raw', '--subdir', 'DAGS_FOLDER/etl_pipeline.py', '--cfg-path', '/tmp/tmpcdtwd7kh']
[2024-08-04T06:58:51.241+0000] {standard_task_runner.py:91} INFO - Job 3: Subtask etl_process.load_and_clean_product
[2024-08-04T06:58:51.246+0000] {logging_mixin.py:188} WARNING - /home/***/.local/lib/python3.12/site-packages/***/task/task_runner/standard_task_runner.py:61 DeprecationWarning: This process (pid=57) is multi-threaded, use of fork() may lead to deadlocks in the child.
[2024-08-04T06:58:51.248+0000] {standard_task_runner.py:63} INFO - Started process 74 to run task
[2024-08-04T06:58:51.308+0000] {task_command.py:426} INFO - Running <TaskInstance: etl_process.etl_process.load_and_clean_product scheduled__2024-08-03T00:00:00+00:00 [running]> on host 28819dc9564a
[2024-08-04T06:58:51.399+0000] {taskinstance.py:2648} INFO - Exporting env vars: AIRFLOW_CTX_DAG_OWNER='ztamnaja' AIRFLOW_CTX_DAG_ID='etl_process' AIRFLOW_CTX_TASK_ID='etl_process.load_and_clean_product' AIRFLOW_CTX_EXECUTION_DATE='2024-08-03T00:00:00+00:00' AIRFLOW_CTX_TRY_NUMBER='1' AIRFLOW_CTX_DAG_RUN_ID='scheduled__2024-08-03T00:00:00+00:00'
[2024-08-04T06:58:51.400+0000] {taskinstance.py:430} INFO - ::endgroup::
[2024-08-04T06:58:51.448+0000] {python.py:237} INFO - Done. Returned value was:   product_id product_name    category  price
1       P002    Product 2  Category B  200.0
2       P003    Product 3  Category A  150.0
5       P001    Product 1  Category A  100.0
[2024-08-04T06:58:51.458+0000] {taskinstance.py:441} INFO - ::group::Post task execution logs
[2024-08-04T06:58:51.579+0000] {taskinstance.py:1206} INFO - Marking task as SUCCESS. dag_id=etl_process, task_id=etl_process.load_and_clean_product, run_id=scheduled__2024-08-03T00:00:00+00:00, execution_date=20240803T000000, start_date=20240804T065851, end_date=20240804T065851
[2024-08-04T06:58:51.626+0000] {local_task_job_runner.py:240} INFO - Task exited with return code 0
[2024-08-04T06:58:51.652+0000] {taskinstance.py:3503} INFO - 0 downstream tasks scheduled from follow-on schedule check
[2024-08-04T06:58:51.654+0000] {local_task_job_runner.py:222} INFO - ::endgroup::
