[2024-08-04T06:58:55.513+0000] {local_task_job_runner.py:120} INFO - ::group::Pre task execution logs
[2024-08-04T06:58:55.547+0000] {taskinstance.py:2076} INFO - Dependencies all met for dep_context=non-requeueable deps ti=<TaskInstance: etl_process.etl_process.load_and_clean_transaction scheduled__2024-08-03T00:00:00+00:00 [queued]>
[2024-08-04T06:58:55.556+0000] {taskinstance.py:2076} INFO - Dependencies all met for dep_context=requeueable deps ti=<TaskInstance: etl_process.etl_process.load_and_clean_transaction scheduled__2024-08-03T00:00:00+00:00 [queued]>
[2024-08-04T06:58:55.557+0000] {taskinstance.py:2306} INFO - Starting attempt 1 of 2
[2024-08-04T06:58:55.570+0000] {taskinstance.py:2330} INFO - Executing <Task(PythonOperator): etl_process.load_and_clean_transaction> on 2024-08-03 00:00:00+00:00
[2024-08-04T06:58:55.577+0000] {standard_task_runner.py:90} INFO - Running: ['***', 'tasks', 'run', 'etl_process', 'etl_process.load_and_clean_transaction', 'scheduled__2024-08-03T00:00:00+00:00', '--job-id', '4', '--raw', '--subdir', 'DAGS_FOLDER/etl_pipeline.py', '--cfg-path', '/tmp/tmpu1brjofo']
[2024-08-04T06:58:55.579+0000] {standard_task_runner.py:91} INFO - Job 4: Subtask etl_process.load_and_clean_transaction
[2024-08-04T06:58:55.580+0000] {logging_mixin.py:188} WARNING - /home/***/.local/lib/python3.12/site-packages/***/task/task_runner/standard_task_runner.py:61 DeprecationWarning: This process (pid=75) is multi-threaded, use of fork() may lead to deadlocks in the child.
[2024-08-04T06:58:55.581+0000] {standard_task_runner.py:63} INFO - Started process 92 to run task
[2024-08-04T06:58:55.634+0000] {task_command.py:426} INFO - Running <TaskInstance: etl_process.etl_process.load_and_clean_transaction scheduled__2024-08-03T00:00:00+00:00 [running]> on host 28819dc9564a
[2024-08-04T06:58:55.717+0000] {taskinstance.py:2648} INFO - Exporting env vars: AIRFLOW_CTX_DAG_OWNER='ztamnaja' AIRFLOW_CTX_DAG_ID='etl_process' AIRFLOW_CTX_TASK_ID='etl_process.load_and_clean_transaction' AIRFLOW_CTX_EXECUTION_DATE='2024-08-03T00:00:00+00:00' AIRFLOW_CTX_TRY_NUMBER='1' AIRFLOW_CTX_DAG_RUN_ID='scheduled__2024-08-03T00:00:00+00:00'
[2024-08-04T06:58:55.718+0000] {taskinstance.py:430} INFO - ::endgroup::
[2024-08-04T06:58:55.754+0000] {python.py:237} INFO - Done. Returned value was:                          transaction_id customer_id  ...  price           timestamp
0  b1182d23-5bf8-4676-9f12-a0e912011caa        C001  ...  150.0 2024-02-04 13:06:35
1  3b019fcb-f96d-4403-948c-93f3028d042b        C003  ...  100.0 2024-06-22 11:42:33
2  346d2b7e-00d3-41af-b53e-0c8624aeba79        C001  ...  100.0 2024-03-12 16:16:16
3  9ad7558f-eecb-425b-864f-768db080e003        C002  ...  200.0 2024-03-29 04:01:02
4  b51d70d8-582d-4972-ba08-9ca81cc5a8a0        C003  ...  200.0 2024-02-10 09:54:36

[5 rows x 6 columns]
[2024-08-04T06:58:55.767+0000] {taskinstance.py:441} INFO - ::group::Post task execution logs
[2024-08-04T06:58:55.808+0000] {taskinstance.py:1206} INFO - Marking task as SUCCESS. dag_id=etl_process, task_id=etl_process.load_and_clean_transaction, run_id=scheduled__2024-08-03T00:00:00+00:00, execution_date=20240803T000000, start_date=20240804T065855, end_date=20240804T065855
[2024-08-04T06:58:55.838+0000] {local_task_job_runner.py:240} INFO - Task exited with return code 0
[2024-08-04T06:58:55.867+0000] {taskinstance.py:3503} INFO - 1 downstream tasks scheduled from follow-on schedule check
[2024-08-04T06:58:55.870+0000] {local_task_job_runner.py:222} INFO - ::endgroup::
